update-alternatives 2013-11-27 16:05:51: run with --quiet --install /usr/bin/awk awk /usr/bin/mawk 5 --slave /usr/share/man/man1/awk.1.gz awk.1.gz /usr/share/man/man1/mawk.1.gz --slave /usr/bin/nawk nawk /usr/bin/mawk --slave /usr/share/man/man1/nawk.1.gz nawk.1.gz /usr/share/man/man1/mawk.1.gz
update-alternatives 2013-11-27 16:05:51: link group awk updated to point to /usr/bin/mawk
update-alternatives 2013-11-27 16:06:43: run with --install /bin/mt mt /bin/mt-gnu 10 --slave /usr/share/man/man1/mt.1.gz mt.1.gz /usr/share/man/man1/mt-gnu.1.gz
update-alternatives 2013-11-27 16:06:43: link group mt updated to point to /bin/mt-gnu
update-alternatives 2013-11-27 16:06:44: run with --install /usr/sbin/rmt rmt /usr/sbin/rmt-tar 50 --slave /usr/share/man/man8/rmt.8.gz rmt.8.gz /usr/share/man/man8/rmt-tar.8.gz
update-alternatives 2013-11-27 16:06:44: link group rmt updated to point to /usr/sbin/rmt-tar
update-alternatives 2013-11-27 16:06:44: run with --quiet --install /usr/bin/awk awk /usr/bin/mawk 5 --slave /usr/share/man/man1/awk.1.gz awk.1.gz /usr/share/man/man1/mawk.1.gz --slave /usr/bin/nawk nawk /usr/bin/mawk --slave /usr/share/man/man1/nawk.1.gz nawk.1.gz /usr/share/man/man1/mawk.1.gz
update-alternatives 2013-11-27 16:07:04: run with --install /usr/share/man/man7/builtins.7.gz builtins.7.gz /usr/share/man/man7/bash-builtins.7.gz 10
update-alternatives 2013-11-27 16:07:04: link group builtins.7.gz updated to point to /usr/share/man/man7/bash-builtins.7.gz
update-alternatives 2013-11-27 16:07:10: run with --install /usr/bin/pager pager /bin/more 50 --slave /usr/share/man/man1/pager.1.gz pager.1.gz /usr/share/man/man1/more.1.gz
update-alternatives 2013-11-27 16:07:10: link group pager updated to point to /bin/more
update-alternatives 2013-11-27 16:07:10: run with --install /usr/bin/pager pager /usr/bin/pg 10 --slave /usr/share/man/man1/pager.1.gz pager.1.gz /usr/share/man/man1/pg.1.gz
update-alternatives 2013-11-27 16:07:16: run with --install /usr/bin/w w /usr/bin/w.procps 50 --slave /usr/share/man/man1/w.1.gz w.1.gz /usr/share/man/man1/w.procps.1.gz
update-alternatives 2013-11-27 16:07:16: link group w updated to point to /usr/bin/w.procps
update-alternatives 2013-11-27 16:08:15: run with --install /etc/newt/palette newt-palette /etc/newt/palette.ubuntu 50
update-alternatives 2013-11-27 16:08:15: link group newt-palette updated to point to /etc/newt/palette.ubuntu
update-alternatives 2013-11-27 16:08:15: run with --install /etc/newt/palette newt-palette /etc/newt/palette.original 20
update-alternatives 2013-11-27 16:08:18: run with --install /usr/bin/view view /usr/bin/see 1 --slave /usr/share/man/man1/view.1.gz view.1.gz /usr/share/man/man1/see.1.gz
update-alternatives 2013-11-27 16:08:18: link group view updated to point to /usr/bin/see
update-alternatives 2013-11-27 16:08:23: run with --install /usr/bin/rview rview /usr/bin/vim.tiny 10
update-alternatives 2013-11-27 16:08:23: link group rview updated to point to /usr/bin/vim.tiny
update-alternatives 2013-11-27 16:08:23: run with --install /usr/bin/vi vi /usr/bin/vim.tiny 10 --slave /usr/share/man/fr/man1/vi.1.gz vi.fr.1.gz /usr/share/man/fr/man1/vim.1.gz --slave /usr/share/man/it/man1/vi.1.gz vi.it.1.gz /usr/share/man/it/man1/vim.1.gz --slave /usr/share/man/pl/man1/vi.1.gz vi.pl.1.gz /usr/share/man/pl/man1/vim.1.gz --slave /usr/share/man/ru/man1/vi.1.gz vi.ru.1.gz /usr/share/man/ru/man1/vim.1.gz --slave /usr/share/man/ja/man1/vi.1.gz vi.ja.1.gz /usr/share/man/ja/man1/vim.1.gz --slave /usr/share/man/man1/vi.1.gz vi.1.gz /usr/share/man/man1/vim.1.gz
update-alternatives 2013-11-27 16:08:23: link group vi updated to point to /usr/bin/vim.tiny
update-alternatives 2013-11-27 16:08:23: run with --install /usr/bin/view view /usr/bin/vim.tiny 10 --slave /usr/share/man/fr/man1/view.1.gz view.fr.1.gz /usr/share/man/fr/man1/vim.1.gz --slave /usr/share/man/it/man1/view.1.gz view.it.1.gz /usr/share/man/it/man1/vim.1.gz --slave /usr/share/man/pl/man1/view.1.gz view.pl.1.gz /usr/share/man/pl/man1/vim.1.gz --slave /usr/share/man/ru/man1/view.1.gz view.ru.1.gz /usr/share/man/ru/man1/vim.1.gz --slave /usr/share/man/ja/man1/view.1.gz view.ja.1.gz /usr/share/man/ja/man1/vim.1.gz --slave /usr/share/man/man1/view.1.gz view.1.gz /usr/share/man/man1/vim.1.gz
update-alternatives 2013-11-27 16:08:23: link group view updated to point to /usr/bin/vim.tiny
update-alternatives 2013-11-27 16:08:23: run with --install /usr/bin/ex ex /usr/bin/vim.tiny 10 --slave /usr/share/man/fr/man1/ex.1.gz ex.fr.1.gz /usr/share/man/fr/man1/vim.1.gz --slave /usr/share/man/it/man1/ex.1.gz ex.it.1.gz /usr/share/man/it/man1/vim.1.gz --slave /usr/share/man/pl/man1/ex.1.gz ex.pl.1.gz /usr/share/man/pl/man1/vim.1.gz --slave /usr/share/man/ru/man1/ex.1.gz ex.ru.1.gz /usr/share/man/ru/man1/vim.1.gz --slave /usr/share/man/ja/man1/ex.1.gz ex.ja.1.gz /usr/share/man/ja/man1/vim.1.gz --slave /usr/share/man/man1/ex.1.gz ex.1.gz /usr/share/man/man1/vim.1.gz
update-alternatives 2013-11-27 16:08:23: link group ex updated to point to /usr/bin/vim.tiny
update-alternatives 2013-11-27 16:08:23: run with --install /usr/bin/editor editor /usr/bin/vim.tiny 10 --slave /usr/share/man/fr/man1/editor.1.gz editor.fr.1.gz /usr/share/man/fr/man1/vim.1.gz --slave /usr/share/man/it/man1/editor.1.gz editor.it.1.gz /usr/share/man/it/man1/vim.1.gz --slave /usr/share/man/pl/man1/editor.1.gz editor.pl.1.gz /usr/share/man/pl/man1/vim.1.gz --slave /usr/share/man/ru/man1/editor.1.gz editor.ru.1.gz /usr/share/man/ru/man1/vim.1.gz --slave /usr/share/man/ja/man1/editor.1.gz editor.ja.1.gz /usr/share/man/ja/man1/vim.1.gz --slave /usr/share/man/man1/editor.1.gz editor.1.gz /usr/share/man/man1/vim.1.gz
update-alternatives 2013-11-27 16:08:23: link group editor updated to point to /usr/bin/vim.tiny
update-alternatives 2013-11-27 16:08:24: run with --quiet --install /usr/bin/pager pager /bin/less 77 --slave /usr/share/man/man1/pager.1.gz pager.1.gz /usr/share/man/man1/less.1.gz
update-alternatives 2013-11-27 16:08:24: link group pager updated to point to /bin/less
update-alternatives 2013-11-27 16:08:24: run with --quiet --install /usr/bin/pager pager /bin/less 77 --slave /usr/share/man/man1/pager.1.gz pager.1.gz /usr/share/man/man1/less.1.gz
update-alternatives 2013-11-27 16:08:26: run with --install /bin/nc nc /bin/nc.openbsd 50 --slave /bin/netcat netcat /bin/nc.openbsd --slave /usr/share/man/man1/nc.1.gz nc.1.gz /usr/share/man/man1/nc_openbsd.1.gz --slave /usr/share/man/man1/netcat.1.gz netcat.1.gz /usr/share/man/man1/nc_openbsd.1.gz
update-alternatives 2013-11-27 16:08:26: link group nc updated to point to /bin/nc.openbsd
update-alternatives 2013-11-27 16:08:43: run with --install /etc/vtrgb vtrgb /etc/console-setup/vtrgb 50
update-alternatives 2013-11-27 16:08:43: link group vtrgb updated to point to /etc/console-setup/vtrgb
update-alternatives 2013-11-27 16:08:43: run with --install /etc/vtrgb vtrgb /etc/console-setup/vtrgb.vga 20
update-alternatives 2013-11-27 16:09:38: run with --install /usr/bin/w w /usr/bin/w.procps 50 --slave /usr/share/man/man1/w.1.gz w.1.gz /usr/share/man/man1/w.procps.1.gz
update-alternatives 2013-11-27 16:17:50: run with --force --install /etc/ld.so.conf.d/arm-linux-gnueabihf_EGL.conf arm-linux-gnueabihf_egl_conf /usr/lib/arm-linux-gnueabihf/mesa-egl/ld.so.conf 500
update-alternatives 2013-11-27 16:17:50: link group arm-linux-gnueabihf_egl_conf updated to point to /usr/lib/arm-linux-gnueabihf/mesa-egl/ld.so.conf
update-alternatives 2013-11-27 16:18:17: run with --force --install /etc/ld.so.conf.d/arm-linux-gnueabihf_GL.conf arm-linux-gnueabihf_gl_conf /usr/lib/arm-linux-gnueabihf/mesa/ld.so.conf 500 --slave /usr/lib/arm-linux-gnueabihf/xorg/extra-modules arm-linux-gnueabihf_xorg_extra_modules /usr/lib/arm-linux-gnueabihf/xorg/x11-extra-modules
update-alternatives 2013-11-27 16:18:17: link group arm-linux-gnueabihf_gl_conf updated to point to /usr/lib/arm-linux-gnueabihf/mesa/ld.so.conf
update-alternatives 2013-11-27 16:19:13: run with --force --install /etc/ld.so.conf.d/arm-linux-gnueabihf_EGL.conf arm-linux-gnueabihf_egl_conf /usr/lib/arm-linux-gnueabihf/libhybris-egl/ld.so.conf 1000
update-alternatives 2013-11-27 16:19:13: link group arm-linux-gnueabihf_egl_conf updated to point to /usr/lib/arm-linux-gnueabihf/libhybris-egl/ld.so.conf
update-alternatives 2013-11-27 16:19:42: run with --install /usr/bin/editor editor /bin/nano 40 --slave /usr/share/man/man1/editor.1.gz editor.1.gz /usr/share/man/man1/nano.1.gz
update-alternatives 2013-11-27 16:19:42: link group editor updated to point to /bin/nano
update-alternatives 2013-11-27 16:19:42: run with --install /usr/bin/pico pico /bin/nano 10 --slave /usr/share/man/man1/pico.1.gz pico.1.gz /usr/share/man/man1/nano.1.gz
update-alternatives 2013-11-27 16:19:42: link group pico updated to point to /bin/nano
update-alternatives 2013-11-27 16:19:42: run with --quiet --install /usr/bin/rsh rsh /usr/bin/ssh 20 --slave /usr/share/man/man1/rsh.1.gz rsh.1.gz /usr/share/man/man1/ssh.1.gz
update-alternatives 2013-11-27 16:19:42: link group rsh updated to point to /usr/bin/ssh
update-alternatives 2013-11-27 16:19:42: run with --quiet --install /usr/bin/rlogin rlogin /usr/bin/slogin 20 --slave /usr/share/man/man1/rlogin.1.gz rlogin.1.gz /usr/share/man/man1/slogin.1.gz
update-alternatives 2013-11-27 16:19:42: link group rlogin updated to point to /usr/bin/slogin
update-alternatives 2013-11-27 16:19:42: run with --quiet --install /usr/bin/rcp rcp /usr/bin/scp 20 --slave /usr/share/man/man1/rcp.1.gz rcp.1.gz /usr/share/man/man1/scp.1.gz
update-alternatives 2013-11-27 16:19:42: link group rcp updated to point to /usr/bin/scp
update-alternatives 2013-11-27 16:20:25: run with --install /etc/X11/xinit/xinput.d/all_ALL xinput-all_ALL /etc/X11/xinit/xinput.d/maliit 15
update-alternatives 2013-11-27 16:20:25: link group xinput-all_ALL updated to point to /etc/X11/xinit/xinput.d/maliit
