gpgv: Signature made Fri Oct 30 01:23:11 2015 UTC using DSA key ID 437D05B5
gpgv: Good signature from "Ubuntu Archive Automatic Signing Key <ftpmaster@ubuntu.com>"
gpgv: Signature made Fri Oct 30 01:23:11 2015 UTC using RSA key ID C0B21F32
gpgv: Good signature from "Ubuntu Archive Automatic Signing Key (2012) <ftpmaster@ubuntu.com>"
gpgv: Signature made Fri Oct 30 01:23:11 2015 UTC using DSA key ID 437D05B5
gpgv: Good signature from "Ubuntu Archive Automatic Signing Key <ftpmaster@ubuntu.com>"
gpgv: Signature made Fri Oct 30 01:23:11 2015 UTC using RSA key ID C0B21F32
gpgv: Good signature from "Ubuntu Archive Automatic Signing Key (2012) <ftpmaster@ubuntu.com>"
dpkg: warning: parsing file '/var/lib/dpkg/status' near line 4 package 'dpkg':
 missing description
dpkg: warning: parsing file '/var/lib/dpkg/status' near line 4 package 'dpkg':
 missing maintainer
dpkg: warning: parsing file '/var/lib/dpkg/status' near line 4 package 'dpkg':
 missing architecture
Selecting previously unselected package base-passwd.
(Reading database ... 0 files and directories currently installed.)
Preparing to unpack .../base-passwd_3.5.38_armhf.deb ...
Unpacking base-passwd (3.5.38) ...
dpkg: base-passwd: dependency problems, but configuring anyway as you requested:
 base-passwd depends on libc6 (>= 2.8); however:
  Package libc6 is not installed.
 base-passwd depends on libdebconfclient0 (>= 0.145); however:
  Package libdebconfclient0 is not installed.

Setting up base-passwd (3.5.38) ...
dpkg: warning: parsing file '/var/lib/dpkg/status' near line 23 package 'dpkg':
 missing description
dpkg: warning: parsing file '/var/lib/dpkg/status' near line 23 package 'dpkg':
 missing maintainer
dpkg: warning: parsing file '/var/lib/dpkg/status' near line 23 package 'dpkg':
 missing architecture
Selecting previously unselected package base-files.
dpkg: regarding .../base-files_9.4ubuntu2_armhf.deb containing base-files, pre-dependency problem:
 base-files pre-depends on awk
  awk is not installed.

dpkg: warning: ignoring pre-dependency problem!
(Reading database ... 41 files and directories currently installed.)
Preparing to unpack .../base-files_9.4ubuntu2_armhf.deb ...
Unpacking base-files (9.4ubuntu2) ...
dpkg: base-files: dependency problems, but configuring anyway as you requested:
 base-files depends on awk; however:
  Package awk is not installed.

Setting up base-files (9.4ubuntu2) ...
dpkg: warning: parsing file '/var/lib/dpkg/status' near line 55 package 'dpkg':
 missing description
dpkg: warning: parsing file '/var/lib/dpkg/status' near line 55 package 'dpkg':
 missing maintainer
dpkg: warning: parsing file '/var/lib/dpkg/status' near line 55 package 'dpkg':
 missing architecture
dpkg: regarding .../dpkg_1.18.3ubuntu1_armhf.deb containing dpkg, pre-dependency problem:
 dpkg pre-depends on libbz2-1.0
  libbz2-1.0 is not installed.

dpkg: warning: ignoring pre-dependency problem!
dpkg: regarding .../dpkg_1.18.3ubuntu1_armhf.deb containing dpkg, pre-dependency problem:
 dpkg pre-depends on libc6 (>= 2.11)
  libc6 is not installed.

dpkg: warning: ignoring pre-dependency problem!
dpkg: regarding .../dpkg_1.18.3ubuntu1_armhf.deb containing dpkg, pre-dependency problem:
 dpkg pre-depends on liblzma5 (>= 5.1.1alpha+20120614)
  liblzma5 is not installed.

dpkg: warning: ignoring pre-dependency problem!
dpkg: regarding .../dpkg_1.18.3ubuntu1_armhf.deb containing dpkg, pre-dependency problem:
 dpkg pre-depends on libselinux1 (>= 2.3)
  libselinux1 is not installed.

dpkg: warning: ignoring pre-dependency problem!
dpkg: regarding .../dpkg_1.18.3ubuntu1_armhf.deb containing dpkg, pre-dependency problem:
 dpkg pre-depends on zlib1g (>= 1:1.1.4)
  zlib1g is not installed.

dpkg: warning: ignoring pre-dependency problem!
dpkg: regarding .../dpkg_1.18.3ubuntu1_armhf.deb containing dpkg, pre-dependency problem:
 dpkg pre-depends on tar (>= 1.23)
  tar is not installed.

dpkg: warning: ignoring pre-dependency problem!
(Reading database ... 125 files and directories currently installed.)
Preparing to unpack .../dpkg_1.18.3ubuntu1_armhf.deb ...
Unpacking dpkg (1.18.3ubuntu1) over (1.18.3ubuntu1) ...
dpkg: dpkg: dependency problems, but configuring anyway as you requested:
 dpkg depends on libbz2-1.0; however:
  Package libbz2-1.0 is not installed.
 dpkg depends on libc6 (>= 2.11); however:
  Package libc6 is not installed.
 dpkg depends on liblzma5 (>= 5.1.1alpha+20120614); however:
  Package liblzma5 is not installed.
 dpkg depends on libselinux1 (>= 2.3); however:
  Package libselinux1 is not installed.
 dpkg depends on zlib1g (>= 1:1.1.4); however:
  Package zlib1g is not installed.
 dpkg depends on tar (>= 1.23); however:
  Package tar is not installed.

Setting up dpkg (1.18.3ubuntu1) ...
Selecting previously unselected package libc6:armhf.
(Reading database ... 378 files and directories currently installed.)
Preparing to unpack .../libc6_2.21-0ubuntu4_armhf.deb ...
Unpacking libc6:armhf (2.21-0ubuntu4) ...
dpkg: libc6:armhf: dependency problems, but configuring anyway as you requested:
 libc6:armhf depends on libgcc1; however:
  Package libgcc1 is not installed.

Setting up libc6:armhf (2.21-0ubuntu4) ...
Selecting previously unselected package perl-base.
(Reading database ... 694 files and directories currently installed.)
Preparing to unpack .../perl-base_5.20.2-6_armhf.deb ...
Unpacking perl-base (5.20.2-6) ...
Setting up perl-base (5.20.2-6) ...
Selecting previously unselected package mawk.
(Reading database ... 1267 files and directories currently installed.)
Preparing to unpack .../mawk_1.3.3-17ubuntu2_armhf.deb ...
Unpacking mawk (1.3.3-17ubuntu2) ...
Setting up mawk (1.3.3-17ubuntu2) ...
Selecting previously unselected package debconf.
(Reading database ... 1285 files and directories currently installed.)
Preparing to unpack .../debconf_1.5.57ubuntu1_all.deb ...
Unpacking debconf (1.5.57ubuntu1) ...
Setting up debconf (1.5.57ubuntu1) ...
Selecting previously unselected package adduser.
(Reading database ... 1463 files and directories currently installed.)
Preparing to unpack .../adduser_3.113+nmu3ubuntu4_all.deb ...
Unpacking adduser (3.113+nmu3ubuntu4) ...
Preparing to unpack .../base-files_9.4ubuntu2_armhf.deb ...
Unpacking base-files (9.4ubuntu2) over (9.4ubuntu2) ...
Preparing to unpack .../base-passwd_3.5.38_armhf.deb ...
Unpacking base-passwd (3.5.38) over (3.5.38) ...
Selecting previously unselected package bash.
dpkg: regarding .../bash_4.3-14ubuntu1_armhf.deb containing bash, pre-dependency problem:
 bash pre-depends on dash (>= 0.5.5.1-2.2)
  dash is not installed.

dpkg: warning: ignoring pre-dependency problem!
dpkg: regarding .../bash_4.3-14ubuntu1_armhf.deb containing bash, pre-dependency problem:
 bash pre-depends on libtinfo5
  libtinfo5 is not installed.

dpkg: warning: ignoring pre-dependency problem!
Preparing to unpack .../bash_4.3-14ubuntu1_armhf.deb ...
Unpacking bash (4.3-14ubuntu1) ...
Selecting previously unselected package bsdutils.
dpkg: regarding .../bsdutils_1%3a2.27-3ubuntu1_armhf.deb containing bsdutils, pre-dependency problem:
 bsdutils pre-depends on libsystemd0
  libsystemd0 is not installed.

dpkg: warning: ignoring pre-dependency problem!
Preparing to unpack .../bsdutils_1%3a2.27-3ubuntu1_armhf.deb ...
Unpacking bsdutils (1:2.27-3ubuntu1) ...
Selecting previously unselected package coreutils.
dpkg: regarding .../coreutils_8.23-4ubuntu2_armhf.deb containing coreutils, pre-dependency problem:
 coreutils pre-depends on libacl1 (>= 2.2.51-8)
  libacl1 is not installed.

dpkg: warning: ignoring pre-dependency problem!
dpkg: regarding .../coreutils_8.23-4ubuntu2_armhf.deb containing coreutils, pre-dependency problem:
 coreutils pre-depends on libattr1 (>= 1:2.4.46-8)
  libattr1 is not installed.

dpkg: warning: ignoring pre-dependency problem!
dpkg: regarding .../coreutils_8.23-4ubuntu2_armhf.deb containing coreutils, pre-dependency problem:
 coreutils pre-depends on libselinux1 (>= 2.1.13)
  libselinux1 is not installed.

dpkg: warning: ignoring pre-dependency problem!
Preparing to unpack .../coreutils_8.23-4ubuntu2_armhf.deb ...
Unpacking coreutils (8.23-4ubuntu2) ...
Selecting previously unselected package dash.
Preparing to unpack .../dash_0.5.7-4ubuntu2_armhf.deb ...
Adding 'diversion of /bin/sh to /bin/sh.distrib by dash'
Adding 'diversion of /usr/share/man/man1/sh.1.gz to /usr/share/man/man1/sh.distrib.1.gz by dash'
Unpacking dash (0.5.7-4ubuntu2) ...
Preparing to unpack .../debconf_1.5.57ubuntu1_all.deb ...
Unpacking debconf (1.5.57ubuntu1) over (1.5.57ubuntu1) ...
Selecting previously unselected package debianutils.
Preparing to unpack .../debianutils_4.5.1_armhf.deb ...
Unpacking debianutils (4.5.1) ...
Selecting previously unselected package diffutils.
Preparing to unpack .../diffutils_1%3a3.3-2_armhf.deb ...
Unpacking diffutils (1:3.3-2) ...
Selecting previously unselected package dmsetup.
Preparing to unpack .../dmsetup_2%3a1.02.99-1ubuntu1_armhf.deb ...
Unpacking dmsetup (2:1.02.99-1ubuntu1) ...
dpkg: regarding .../dpkg_1.18.3ubuntu1_armhf.deb containing dpkg, pre-dependency problem:
 dpkg pre-depends on libbz2-1.0
  libbz2-1.0 is not installed.

dpkg: warning: ignoring pre-dependency problem!
dpkg: regarding .../dpkg_1.18.3ubuntu1_armhf.deb containing dpkg, pre-dependency problem:
 dpkg pre-depends on liblzma5 (>= 5.1.1alpha+20120614)
  liblzma5 is not installed.

dpkg: warning: ignoring pre-dependency problem!
dpkg: regarding .../dpkg_1.18.3ubuntu1_armhf.deb containing dpkg, pre-dependency problem:
 dpkg pre-depends on libselinux1 (>= 2.3)
  libselinux1 is not installed.

dpkg: warning: ignoring pre-dependency problem!
dpkg: regarding .../dpkg_1.18.3ubuntu1_armhf.deb containing dpkg, pre-dependency problem:
 dpkg pre-depends on zlib1g (>= 1:1.1.4)
  zlib1g is not installed.

dpkg: warning: ignoring pre-dependency problem!
dpkg: regarding .../dpkg_1.18.3ubuntu1_armhf.deb containing dpkg, pre-dependency problem:
 dpkg pre-depends on tar (>= 1.23)
  tar is not installed.

dpkg: warning: ignoring pre-dependency problem!
Preparing to unpack .../dpkg_1.18.3ubuntu1_armhf.deb ...
Unpacking dpkg (1.18.3ubuntu1) over (1.18.3ubuntu1) ...
Selecting previously unselected package e2fslibs:armhf.
dpkg: regarding .../e2fslibs_1.42.12-1ubuntu2_armhf.deb containing e2fslibs:armhf, pre-dependency problem:
 e2fslibs pre-depends on multiarch-support
  multiarch-support is not installed.

dpkg: warning: ignoring pre-dependency problem!
Preparing to unpack .../e2fslibs_1.42.12-1ubuntu2_armhf.deb ...
Unpacking e2fslibs:armhf (1.42.12-1ubuntu2) ...
Selecting previously unselected package e2fsprogs.
dpkg: regarding .../e2fsprogs_1.42.12-1ubuntu2_armhf.deb containing e2fsprogs, pre-dependency problem:
 e2fsprogs pre-depends on e2fslibs (= 1.42.12-1ubuntu2)
  e2fslibs:armhf is unpacked, but has never been configured.

dpkg: warning: ignoring pre-dependency problem!
dpkg: regarding .../e2fsprogs_1.42.12-1ubuntu2_armhf.deb containing e2fsprogs, pre-dependency problem:
 e2fsprogs pre-depends on libblkid1 (>= 2.17.2)
  libblkid1 is not installed.

dpkg: warning: ignoring pre-dependency problem!
dpkg: regarding .../e2fsprogs_1.42.12-1ubuntu2_armhf.deb containing e2fsprogs, pre-dependency problem:
 e2fsprogs pre-depends on libcomerr2 (>= 1.42~WIP-2011-10-05-1)
  libcomerr2 is not installed.

dpkg: warning: ignoring pre-dependency problem!
dpkg: regarding .../e2fsprogs_1.42.12-1ubuntu2_armhf.deb containing e2fsprogs, pre-dependency problem:
 e2fsprogs pre-depends on libss2 (>= 1.34-1)
  libss2 is not installed.

dpkg: warning: ignoring pre-dependency problem!
dpkg: regarding .../e2fsprogs_1.42.12-1ubuntu2_armhf.deb containing e2fsprogs, pre-dependency problem:
 e2fsprogs pre-depends on libuuid1 (>= 2.16)
  libuuid1 is not installed.

dpkg: warning: ignoring pre-dependency problem!
dpkg: regarding .../e2fsprogs_1.42.12-1ubuntu2_armhf.deb containing e2fsprogs, pre-dependency problem:
 e2fsprogs pre-depends on util-linux (>= 2.15~rc1-1)
  util-linux is not installed.

dpkg: warning: ignoring pre-dependency problem!
Preparing to unpack .../e2fsprogs_1.42.12-1ubuntu2_armhf.deb ...
Unpacking e2fsprogs (1.42.12-1ubuntu2) ...
Selecting previously unselected package findutils.
Preparing to unpack .../findutils_4.4.2-9build1_armhf.deb ...
Unpacking findutils (4.4.2-9build1) ...
Selecting previously unselected package gcc-5-base:armhf.
Preparing to unpack .../gcc-5-base_5.2.1-23ubuntu1_armhf.deb ...
Unpacking gcc-5-base:armhf (5.2.1-23ubuntu1) ...
Selecting previously unselected package grep.
Preparing to unpack .../archives/grep_2.21-2_armhf.deb ...
Unpacking grep (2.21-2) ...
Selecting previously unselected package gzip.
Preparing to unpack .../gzip_1.6-4ubuntu1_armhf.deb ...
Unpacking gzip (1.6-4ubuntu1) ...
Selecting previously unselected package hostname.
Preparing to unpack .../hostname_3.15ubuntu2_armhf.deb ...
Unpacking hostname (3.15ubuntu2) ...
Selecting previously unselected package init.
dpkg: regarding .../init_1.24ubuntu1_armhf.deb containing init, pre-dependency problem:
 init pre-depends on systemd-sysv | upstart-sysv
  systemd-sysv is not installed.
  upstart-sysv is not installed.

dpkg: warning: ignoring pre-dependency problem!
Preparing to unpack .../init_1.24ubuntu1_armhf.deb ...
Unpacking init (1.24ubuntu1) ...
Selecting previously unselected package initscripts.
Preparing to unpack .../initscripts_2.88dsf-59.2ubuntu2_armhf.deb ...
Unpacking initscripts (2.88dsf-59.2ubuntu2) ...
Selecting previously unselected package insserv.
Preparing to unpack .../insserv_1.14.0-5ubuntu3_armhf.deb ...
Unpacking insserv (1.14.0-5ubuntu3) ...
Selecting previously unselected package libacl1:armhf.
dpkg: regarding .../libacl1_2.2.52-2_armhf.deb containing libacl1:armhf, pre-dependency problem:
 libacl1 pre-depends on multiarch-support
  multiarch-support is not installed.

dpkg: warning: ignoring pre-dependency problem!
Preparing to unpack .../libacl1_2.2.52-2_armhf.deb ...
Unpacking libacl1:armhf (2.2.52-2) ...
Selecting previously unselected package libapparmor1:armhf.
Preparing to unpack .../libapparmor1_2.10-0ubuntu6_armhf.deb ...
Unpacking libapparmor1:armhf (2.10-0ubuntu6) ...
Selecting previously unselected package libattr1:armhf.
dpkg: regarding .../libattr1_1%3a2.4.47-2_armhf.deb containing libattr1:armhf, pre-dependency problem:
 libattr1 pre-depends on multiarch-support
  multiarch-support is not installed.

dpkg: warning: ignoring pre-dependency problem!
Preparing to unpack .../libattr1_1%3a2.4.47-2_armhf.deb ...
Unpacking libattr1:armhf (1:2.4.47-2) ...
Selecting previously unselected package libaudit-common.
Preparing to unpack .../libaudit-common_1%3a2.4.2-1ubuntu1_all.deb ...
Unpacking libaudit-common (1:2.4.2-1ubuntu1) ...
Selecting previously unselected package libaudit1:armhf.
Preparing to unpack .../libaudit1_1%3a2.4.2-1ubuntu1_armhf.deb ...
Unpacking libaudit1:armhf (1:2.4.2-1ubuntu1) ...
Selecting previously unselected package libblkid1:armhf.
Preparing to unpack .../libblkid1_2.27-3ubuntu1_armhf.deb ...
Unpacking libblkid1:armhf (2.27-3ubuntu1) ...
Selecting previously unselected package libbz2-1.0:armhf.
Preparing to unpack .../libbz2-1.0_1.0.6-8_armhf.deb ...
Unpacking libbz2-1.0:armhf (1.0.6-8) ...
Selecting previously unselected package libc-bin.
Preparing to unpack .../libc-bin_2.21-0ubuntu4_armhf.deb ...
Unpacking libc-bin (2.21-0ubuntu4) ...
Preparing to unpack .../libc6_2.21-0ubuntu4_armhf.deb ...
Unpacking libc6:armhf (2.21-0ubuntu4) over (2.21-0ubuntu4) ...
Selecting previously unselected package libcap2:armhf.
Preparing to unpack .../libcap2_1%3a2.24-12_armhf.deb ...
Unpacking libcap2:armhf (1:2.24-12) ...
Selecting previously unselected package libcap2-bin.
Preparing to unpack .../libcap2-bin_1%3a2.24-12_armhf.deb ...
Unpacking libcap2-bin (1:2.24-12) ...
Selecting previously unselected package libcomerr2:armhf.
dpkg: regarding .../libcomerr2_1.42.12-1ubuntu2_armhf.deb containing libcomerr2:armhf, pre-dependency problem:
 libcomerr2 pre-depends on multiarch-support
  multiarch-support is not installed.

dpkg: warning: ignoring pre-dependency problem!
Preparing to unpack .../libcomerr2_1.42.12-1ubuntu2_armhf.deb ...
Unpacking libcomerr2:armhf (1.42.12-1ubuntu2) ...
Selecting previously unselected package libcryptsetup4:armhf.
Preparing to unpack .../libcryptsetup4_2%3a1.6.6-5ubuntu2_armhf.deb ...
Unpacking libcryptsetup4:armhf (2:1.6.6-5ubuntu2) ...
Selecting previously unselected package libdb5.3:armhf.
Preparing to unpack .../libdb5.3_5.3.28-11_armhf.deb ...
Unpacking libdb5.3:armhf (5.3.28-11) ...
Selecting previously unselected package libdebconfclient0:armhf.
dpkg: regarding .../libdebconfclient0_0.192ubuntu1_armhf.deb containing libdebconfclient0:armhf, pre-dependency problem:
 libdebconfclient0 pre-depends on multiarch-support
  multiarch-support is not installed.

dpkg: warning: ignoring pre-dependency problem!
Preparing to unpack .../libdebconfclient0_0.192ubuntu1_armhf.deb ...
Unpacking libdebconfclient0:armhf (0.192ubuntu1) ...
Selecting previously unselected package libdevmapper1.02.1:armhf.
Preparing to unpack .../libdevmapper1.02.1_2%3a1.02.99-1ubuntu1_armhf.deb ...
Unpacking libdevmapper1.02.1:armhf (2:1.02.99-1ubuntu1) ...
Selecting previously unselected package libfdisk1:armhf.
Preparing to unpack .../libfdisk1_2.27-3ubuntu1_armhf.deb ...
Unpacking libfdisk1:armhf (2.27-3ubuntu1) ...
Selecting previously unselected package libgcc1:armhf.
Preparing to unpack .../libgcc1_1%3a5.2.1-23ubuntu1_armhf.deb ...
Unpacking libgcc1:armhf (1:5.2.1-23ubuntu1) ...
Selecting previously unselected package libgcrypt20:armhf.
Preparing to unpack .../libgcrypt20_1.6.3-2ubuntu1_armhf.deb ...
Unpacking libgcrypt20:armhf (1.6.3-2ubuntu1) ...
Selecting previously unselected package libgpg-error0:armhf.
Preparing to unpack .../libgpg-error0_1.20-1_armhf.deb ...
Unpacking libgpg-error0:armhf (1.20-1) ...
Selecting previously unselected package libkmod2:armhf.
Preparing to unpack .../libkmod2_21-1ubuntu1_armhf.deb ...
Unpacking libkmod2:armhf (21-1ubuntu1) ...
Selecting previously unselected package liblzma5:armhf.
dpkg: regarding .../liblzma5_5.1.1alpha+20120614-2ubuntu2_armhf.deb containing liblzma5:armhf, pre-dependency problem:
 liblzma5 pre-depends on multiarch-support
  multiarch-support is not installed.

dpkg: warning: ignoring pre-dependency problem!
Preparing to unpack .../liblzma5_5.1.1alpha+20120614-2ubuntu2_armhf.deb ...
Unpacking liblzma5:armhf (5.1.1alpha+20120614-2ubuntu2) ...
Selecting previously unselected package libmount1:armhf.
Preparing to unpack .../libmount1_2.27-3ubuntu1_armhf.deb ...
Unpacking libmount1:armhf (2.27-3ubuntu1) ...
Selecting previously unselected package libncurses5:armhf.
Preparing to unpack .../libncurses5_5.9+20150516-2ubuntu1_armhf.deb ...
Unpacking libncurses5:armhf (5.9+20150516-2ubuntu1) ...
Selecting previously unselected package libncursesw5:armhf.
Preparing to unpack .../libncursesw5_5.9+20150516-2ubuntu1_armhf.deb ...
Unpacking libncursesw5:armhf (5.9+20150516-2ubuntu1) ...
Selecting previously unselected package libpam-modules:armhf.
dpkg: regarding .../libpam-modules_1.1.8-3.1ubuntu3_armhf.deb containing libpam-modules:armhf, pre-dependency problem:
 libpam-modules pre-depends on libaudit1 (>= 1:2.2.1)
  libaudit1:armhf is unpacked, but has never been configured.

dpkg: warning: ignoring pre-dependency problem!
dpkg: regarding .../libpam-modules_1.1.8-3.1ubuntu3_armhf.deb containing libpam-modules:armhf, pre-dependency problem:
 libpam-modules pre-depends on libdb5.3
  libdb5.3:armhf is unpacked, but has never been configured.

dpkg: warning: ignoring pre-dependency problem!
dpkg: regarding .../libpam-modules_1.1.8-3.1ubuntu3_armhf.deb containing libpam-modules:armhf, pre-dependency problem:
 libpam-modules pre-depends on libpam0g (>= 1.1.3-2)
  libpam0g is not installed.

dpkg: warning: ignoring pre-dependency problem!
dpkg: regarding .../libpam-modules_1.1.8-3.1ubuntu3_armhf.deb containing libpam-modules:armhf, pre-dependency problem:
 libpam-modules pre-depends on libselinux1 (>= 2.1.9)
  libselinux1 is not installed.

dpkg: warning: ignoring pre-dependency problem!
dpkg: regarding .../libpam-modules_1.1.8-3.1ubuntu3_armhf.deb containing libpam-modules:armhf, pre-dependency problem:
 libpam-modules pre-depends on libpam-modules-bin (= 1.1.8-3.1ubuntu3)
  libpam-modules-bin is not installed.

dpkg: warning: ignoring pre-dependency problem!
Preparing to unpack .../libpam-modules_1.1.8-3.1ubuntu3_armhf.deb ...
Unpacking libpam-modules:armhf (1.1.8-3.1ubuntu3) ...
Selecting previously unselected package libpam-modules-bin.
Preparing to unpack .../libpam-modules-bin_1.1.8-3.1ubuntu3_armhf.deb ...
Unpacking libpam-modules-bin (1.1.8-3.1ubuntu3) ...
Selecting previously unselected package libpam-runtime.
Preparing to unpack .../libpam-runtime_1.1.8-3.1ubuntu3_all.deb ...
Unpacking libpam-runtime (1.1.8-3.1ubuntu3) ...
Selecting previously unselected package libpam0g:armhf.
dpkg: regarding .../libpam0g_1.1.8-3.1ubuntu3_armhf.deb containing libpam0g:armhf, pre-dependency problem:
 libpam0g pre-depends on multiarch-support
  multiarch-support is not installed.

dpkg: warning: ignoring pre-dependency problem!
Preparing to unpack .../libpam0g_1.1.8-3.1ubuntu3_armhf.deb ...
Unpacking libpam0g:armhf (1.1.8-3.1ubuntu3) ...
Selecting previously unselected package libpcre3:armhf.
dpkg: regarding .../libpcre3_2%3a8.35-7.1ubuntu1_armhf.deb containing libpcre3:armhf, pre-dependency problem:
 libpcre3 pre-depends on multiarch-support
  multiarch-support is not installed.

dpkg: warning: ignoring pre-dependency problem!
Preparing to unpack .../libpcre3_2%3a8.35-7.1ubuntu1_armhf.deb ...
Unpacking libpcre3:armhf (2:8.35-7.1ubuntu1) ...
Selecting previously unselected package libprocps3:armhf.
dpkg: regarding .../libprocps3_1%3a3.3.9-1ubuntu8_armhf.deb containing libprocps3:armhf, pre-dependency problem:
 libprocps3 pre-depends on multiarch-support
  multiarch-support is not installed.

dpkg: warning: ignoring pre-dependency problem!
Preparing to unpack .../libprocps3_1%3a3.3.9-1ubuntu8_armhf.deb ...
Unpacking libprocps3:armhf (1:3.3.9-1ubuntu8) ...
Selecting previously unselected package libseccomp2:armhf.
Preparing to unpack .../libseccomp2_2.2.3-2ubuntu1_armhf.deb ...
Unpacking libseccomp2:armhf (2.2.3-2ubuntu1) ...
Selecting previously unselected package libselinux1:armhf.
Preparing to unpack .../libselinux1_2.3-2build1_armhf.deb ...
Unpacking libselinux1:armhf (2.3-2build1) ...
Selecting previously unselected package libsemanage-common.
Preparing to unpack .../libsemanage-common_2.3-1build2_all.deb ...
Unpacking libsemanage-common (2.3-1build2) ...
Selecting previously unselected package libsemanage1:armhf.
Preparing to unpack .../libsemanage1_2.3-1build2_armhf.deb ...
Unpacking libsemanage1:armhf (2.3-1build2) ...
Selecting previously unselected package libsepol1:armhf.
dpkg: regarding .../libsepol1_2.3-2_armhf.deb containing libsepol1:armhf, pre-dependency problem:
 libsepol1 pre-depends on multiarch-support
  multiarch-support is not installed.

dpkg: warning: ignoring pre-dependency problem!
Preparing to unpack .../libsepol1_2.3-2_armhf.deb ...
Unpacking libsepol1:armhf (2.3-2) ...
Selecting previously unselected package libslang2:armhf.
dpkg: regarding .../libslang2_2.3.0-2ubuntu1_armhf.deb containing libslang2:armhf, pre-dependency problem:
 libslang2 pre-depends on multiarch-support
  multiarch-support is not installed.

dpkg: warning: ignoring pre-dependency problem!
Preparing to unpack .../libslang2_2.3.0-2ubuntu1_armhf.deb ...
Unpacking libslang2:armhf (2.3.0-2ubuntu1) ...
Selecting previously unselected package libsmartcols1:armhf.
Preparing to unpack .../libsmartcols1_2.27-3ubuntu1_armhf.deb ...
Unpacking libsmartcols1:armhf (2.27-3ubuntu1) ...
Selecting previously unselected package libss2:armhf.
dpkg: regarding .../libss2_1.42.12-1ubuntu2_armhf.deb containing libss2:armhf, pre-dependency problem:
 libss2 pre-depends on multiarch-support
  multiarch-support is not installed.

dpkg: warning: ignoring pre-dependency problem!
Preparing to unpack .../libss2_1.42.12-1ubuntu2_armhf.deb ...
Unpacking libss2:armhf (1.42.12-1ubuntu2) ...
Selecting previously unselected package libsystemd0:armhf.
dpkg: regarding .../libsystemd0_227-2ubuntu1_armhf.deb containing libsystemd0:armhf, pre-dependency problem:
 libsystemd0 pre-depends on libgcc1 (>= 1:4.4.0)
  libgcc1:armhf is unpacked, but has never been configured.

dpkg: warning: ignoring pre-dependency problem!
dpkg: regarding .../libsystemd0_227-2ubuntu1_armhf.deb containing libsystemd0:armhf, pre-dependency problem:
 libsystemd0 pre-depends on libgcrypt20 (>= 1.6.1)
  libgcrypt20:armhf is unpacked, but has never been configured.

dpkg: warning: ignoring pre-dependency problem!
dpkg: regarding .../libsystemd0_227-2ubuntu1_armhf.deb containing libsystemd0:armhf, pre-dependency problem:
 libsystemd0 pre-depends on liblzma5 (>= 5.1.1alpha+20120614)
  liblzma5:armhf is unpacked, but has never been configured.

dpkg: warning: ignoring pre-dependency problem!
Preparing to unpack .../libsystemd0_227-2ubuntu1_armhf.deb ...
Unpacking libsystemd0:armhf (227-2ubuntu1) ...
Selecting previously unselected package libtinfo5:armhf.
Preparing to unpack .../libtinfo5_5.9+20150516-2ubuntu1_armhf.deb ...
Unpacking libtinfo5:armhf (5.9+20150516-2ubuntu1) ...
Selecting previously unselected package libudev1:armhf.
Preparing to unpack .../libudev1_227-2ubuntu1_armhf.deb ...
Unpacking libudev1:armhf (227-2ubuntu1) ...
Selecting previously unselected package libustr-1.0-1:armhf.
Preparing to unpack .../libustr-1.0-1_1.0.4-5_armhf.deb ...
Unpacking libustr-1.0-1:armhf (1.0.4-5) ...
Selecting previously unselected package libuuid1:armhf.
Preparing to unpack .../libuuid1_2.27-3ubuntu1_armhf.deb ...
Unpacking libuuid1:armhf (2.27-3ubuntu1) ...
Selecting previously unselected package locales.
Preparing to unpack .../locales_2.13+git20120306-21_all.deb ...
Unpacking locales (2.13+git20120306-21) ...
Selecting previously unselected package login.
dpkg: regarding .../login_1%3a4.1.5.1-1.1ubuntu7_armhf.deb containing login, pre-dependency problem:
 login pre-depends on libaudit1 (>= 1:2.2.1)
  libaudit1:armhf is unpacked, but has never been configured.

dpkg: warning: ignoring pre-dependency problem!
dpkg: regarding .../login_1%3a4.1.5.1-1.1ubuntu7_armhf.deb containing login, pre-dependency problem:
 login pre-depends on libpam0g (>= 0.99.7.1)
  libpam0g:armhf is unpacked, but has never been configured.

dpkg: warning: ignoring pre-dependency problem!
dpkg: regarding .../login_1%3a4.1.5.1-1.1ubuntu7_armhf.deb containing login, pre-dependency problem:
 login pre-depends on libpam-runtime
  libpam-runtime is unpacked, but has never been configured.

dpkg: warning: ignoring pre-dependency problem!
dpkg: regarding .../login_1%3a4.1.5.1-1.1ubuntu7_armhf.deb containing login, pre-dependency problem:
 login pre-depends on libpam-modules
  libpam-modules:armhf is unpacked, but has never been configured.

dpkg: warning: ignoring pre-dependency problem!
Preparing to unpack .../login_1%3a4.1.5.1-1.1ubuntu7_armhf.deb ...
dpkg: error: --compare-versions takes three arguments: <version> <relation> <version>

Type dpkg --help for help about installing and deinstalling packages [*];
Use 'apt' or 'aptitude' for user-friendly package management;
Type dpkg -Dhelp for a list of dpkg debug flag values;
Type dpkg --force-help for a list of forcing options;
Type dpkg-deb --help for help about manipulating *.deb files;

Options marked [*] produce a lot of output - pipe it through 'less' or 'more' !
Unpacking login (1:4.1.5.1-1.1ubuntu7) ...
Selecting previously unselected package lsb-base.
Preparing to unpack .../lsb-base_4.1+Debian11ubuntu8_all.deb ...
Unpacking lsb-base (4.1+Debian11ubuntu8) ...
Selecting previously unselected package makedev.
Preparing to unpack .../makedev_2.3.1-93ubuntu1_all.deb ...
Unpacking makedev (2.3.1-93ubuntu1) ...
Preparing to unpack .../mawk_1.3.3-17ubuntu2_armhf.deb ...
Unpacking mawk (1.3.3-17ubuntu2) over (1.3.3-17ubuntu2) ...
Selecting previously unselected package mount.
dpkg: regarding .../mount_2.27-3ubuntu1_armhf.deb containing mount, pre-dependency problem:
 mount pre-depends on libblkid1 (>= 2.17.2)
  libblkid1:armhf is unpacked, but has never been configured.

dpkg: warning: ignoring pre-dependency problem!
dpkg: regarding .../mount_2.27-3ubuntu1_armhf.deb containing mount, pre-dependency problem:
 mount pre-depends on libmount1 (>= 2.25)
  libmount1:armhf is unpacked, but has never been configured.

dpkg: warning: ignoring pre-dependency problem!
dpkg: regarding .../mount_2.27-3ubuntu1_armhf.deb containing mount, pre-dependency problem:
 mount pre-depends on libsmartcols1 (>= 2.27~rc1)
  libsmartcols1:armhf is unpacked, but has never been configured.

dpkg: warning: ignoring pre-dependency problem!
dpkg: regarding .../mount_2.27-3ubuntu1_armhf.deb containing mount, pre-dependency problem:
 mount pre-depends on libudev1 (>= 183)
  libudev1:armhf is unpacked, but has never been configured.

dpkg: warning: ignoring pre-dependency problem!
Preparing to unpack .../mount_2.27-3ubuntu1_armhf.deb ...
Unpacking mount (2.27-3ubuntu1) ...
Selecting previously unselected package multiarch-support.
Preparing to unpack .../multiarch-support_2.21-0ubuntu4_armhf.deb ...
Unpacking multiarch-support (2.21-0ubuntu4) ...
Selecting previously unselected package ncurses-base.
Preparing to unpack .../ncurses-base_5.9+20150516-2ubuntu1_all.deb ...
Unpacking ncurses-base (5.9+20150516-2ubuntu1) ...
Selecting previously unselected package ncurses-bin.
dpkg: regarding .../ncurses-bin_5.9+20150516-2ubuntu1_armhf.deb containing ncurses-bin, pre-dependency problem:
 ncurses-bin pre-depends on libtinfo5 (>= 5.9+20130119)
  libtinfo5:armhf is unpacked, but has never been configured.

dpkg: warning: ignoring pre-dependency problem!
Preparing to unpack .../ncurses-bin_5.9+20150516-2ubuntu1_armhf.deb ...
Unpacking ncurses-bin (5.9+20150516-2ubuntu1) ...
Selecting previously unselected package passwd.
Preparing to unpack .../passwd_1%3a4.1.5.1-1.1ubuntu7_armhf.deb ...
Unpacking passwd (1:4.1.5.1-1.1ubuntu7) ...
Preparing to unpack .../perl-base_5.20.2-6_armhf.deb ...
Unpacking perl-base (5.20.2-6) over (5.20.2-6) ...
Selecting previously unselected package procps.
Preparing to unpack .../procps_1%3a3.3.9-1ubuntu8_armhf.deb ...
Unpacking procps (1:3.3.9-1ubuntu8) ...
Selecting previously unselected package sed.
dpkg: regarding .../sed_4.2.2-6.1_armhf.deb containing sed, pre-dependency problem:
 sed pre-depends on libselinux1 (>= 1.32)
  libselinux1:armhf is unpacked, but has never been configured.

dpkg: warning: ignoring pre-dependency problem!
Preparing to unpack .../sed_4.2.2-6.1_armhf.deb ...
Unpacking sed (4.2.2-6.1) ...
Selecting previously unselected package sensible-utils.
Preparing to unpack .../sensible-utils_0.0.9_all.deb ...
Unpacking sensible-utils (0.0.9) ...
Selecting previously unselected package systemd.
dpkg: regarding .../systemd_227-2ubuntu1_armhf.deb containing systemd, pre-dependency problem:
 systemd pre-depends on libgcc1 (>= 1:4.4.0)
  libgcc1:armhf is unpacked, but has never been configured.

dpkg: warning: ignoring pre-dependency problem!
dpkg: regarding .../systemd_227-2ubuntu1_armhf.deb containing systemd, pre-dependency problem:
 systemd pre-depends on libgcrypt20 (>= 1.6.1)
  libgcrypt20:armhf is unpacked, but has never been configured.

dpkg: warning: ignoring pre-dependency problem!
dpkg: regarding .../systemd_227-2ubuntu1_armhf.deb containing systemd, pre-dependency problem:
 systemd pre-depends on liblzma5 (>= 5.1.1alpha+20120614)
  liblzma5:armhf is unpacked, but has never been configured.

dpkg: warning: ignoring pre-dependency problem!
dpkg: regarding .../systemd_227-2ubuntu1_armhf.deb containing systemd, pre-dependency problem:
 systemd pre-depends on libselinux1 (>= 1.32)
  libselinux1:armhf is unpacked, but has never been configured.

dpkg: warning: ignoring pre-dependency problem!
Preparing to unpack .../systemd_227-2ubuntu1_armhf.deb ...
Unpacking systemd (227-2ubuntu1) ...
Selecting previously unselected package systemd-sysv.
dpkg: regarding .../systemd-sysv_227-2ubuntu1_armhf.deb containing systemd-sysv, pre-dependency problem:
 systemd-sysv pre-depends on systemd
  systemd is unpacked, but has never been configured.

dpkg: warning: ignoring pre-dependency problem!
Preparing to unpack .../systemd-sysv_227-2ubuntu1_armhf.deb ...
Unpacking systemd-sysv (227-2ubuntu1) ...
Selecting previously unselected package sysv-rc.
Preparing to unpack .../sysv-rc_2.88dsf-59.2ubuntu2_all.deb ...
Unpacking sysv-rc (2.88dsf-59.2ubuntu2) ...
Selecting previously unselected package sysvinit-utils.
Preparing to unpack .../sysvinit-utils_2.88dsf-59.2ubuntu2_armhf.deb ...
Unpacking sysvinit-utils (2.88dsf-59.2ubuntu2) ...
Selecting previously unselected package tar.
dpkg: regarding .../tar_1.27.1-2_armhf.deb containing tar, pre-dependency problem:
 tar pre-depends on libacl1 (>= 2.2.51-8)
  libacl1:armhf is unpacked, but has never been configured.

dpkg: warning: ignoring pre-dependency problem!
dpkg: regarding .../tar_1.27.1-2_armhf.deb containing tar, pre-dependency problem:
 tar pre-depends on libselinux1 (>= 1.32)
  libselinux1:armhf is unpacked, but has never been configured.

dpkg: warning: ignoring pre-dependency problem!
Preparing to unpack .../tar_1.27.1-2_armhf.deb ...
Unpacking tar (1.27.1-2) ...
Selecting previously unselected package tzdata.
Preparing to unpack .../tzdata_2015g-1_all.deb ...
Unpacking tzdata (2015g-1) ...
Selecting previously unselected package udev.
Preparing to unpack .../udev_227-2ubuntu1_armhf.deb ...
Unpacking udev (227-2ubuntu1) ...
Selecting previously unselected package util-linux.
dpkg: regarding .../util-linux_2.27-3ubuntu1_armhf.deb containing util-linux, pre-dependency problem:
 util-linux pre-depends on libblkid1 (>= 2.25)
  libblkid1:armhf is unpacked, but has never been configured.

dpkg: warning: ignoring pre-dependency problem!
dpkg: regarding .../util-linux_2.27-3ubuntu1_armhf.deb containing util-linux, pre-dependency problem:
 util-linux pre-depends on libfdisk1 (>= 2.27~rc1)
  libfdisk1:armhf is unpacked, but has never been configured.

dpkg: warning: ignoring pre-dependency problem!
dpkg: regarding .../util-linux_2.27-3ubuntu1_armhf.deb containing util-linux, pre-dependency problem:
 util-linux pre-depends on libmount1 (>= 2.25)
  libmount1:armhf is unpacked, but has never been configured.

dpkg: warning: ignoring pre-dependency problem!
dpkg: regarding .../util-linux_2.27-3ubuntu1_armhf.deb containing util-linux, pre-dependency problem:
 util-linux pre-depends on libncursesw5 (>= 5.6+20070908)
  libncursesw5:armhf is unpacked, but has never been configured.

dpkg: warning: ignoring pre-dependency problem!
dpkg: regarding .../util-linux_2.27-3ubuntu1_armhf.deb containing util-linux, pre-dependency problem:
 util-linux pre-depends on libpam0g (>= 0.99.7.1)
  libpam0g:armhf is unpacked, but has never been configured.

dpkg: warning: ignoring pre-dependency problem!
dpkg: regarding .../util-linux_2.27-3ubuntu1_armhf.deb containing util-linux, pre-dependency problem:
 util-linux pre-depends on libselinux1 (>= 1.32)
  libselinux1:armhf is unpacked, but has never been configured.

dpkg: warning: ignoring pre-dependency problem!
dpkg: regarding .../util-linux_2.27-3ubuntu1_armhf.deb containing util-linux, pre-dependency problem:
 util-linux pre-depends on libsmartcols1 (>= 2.27~rc1)
  libsmartcols1:armhf is unpacked, but has never been configured.

dpkg: warning: ignoring pre-dependency problem!
dpkg: regarding .../util-linux_2.27-3ubuntu1_armhf.deb containing util-linux, pre-dependency problem:
 util-linux pre-depends on libsystemd0
  libsystemd0:armhf is unpacked, but has never been configured.

dpkg: warning: ignoring pre-dependency problem!
dpkg: regarding .../util-linux_2.27-3ubuntu1_armhf.deb containing util-linux, pre-dependency problem:
 util-linux pre-depends on libtinfo5
  libtinfo5:armhf is unpacked, but has never been configured.

dpkg: warning: ignoring pre-dependency problem!
dpkg: regarding .../util-linux_2.27-3ubuntu1_armhf.deb containing util-linux, pre-dependency problem:
 util-linux pre-depends on libudev1 (>= 183)
  libudev1:armhf is unpacked, but has never been configured.

dpkg: warning: ignoring pre-dependency problem!
dpkg: regarding .../util-linux_2.27-3ubuntu1_armhf.deb containing util-linux, pre-dependency problem:
 util-linux pre-depends on libuuid1 (>= 2.16)
  libuuid1:armhf is unpacked, but has never been configured.

dpkg: warning: ignoring pre-dependency problem!
dpkg: regarding .../util-linux_2.27-3ubuntu1_armhf.deb containing util-linux, pre-dependency problem:
 util-linux pre-depends on zlib1g (>= 1:1.1.4)
  zlib1g is not installed.

dpkg: warning: ignoring pre-dependency problem!
Preparing to unpack .../util-linux_2.27-3ubuntu1_armhf.deb ...
Unpacking util-linux (2.27-3ubuntu1) ...
Selecting previously unselected package zlib1g:armhf.
Preparing to unpack .../zlib1g_1%3a1.2.8.dfsg-2ubuntu4_armhf.deb ...
Unpacking zlib1g:armhf (1:1.2.8.dfsg-2ubuntu4) ...
Setting up lsb-base (4.1+Debian11ubuntu8) ...
Setting up sensible-utils (0.0.9) ...
Setting up ncurses-base (5.9+20150516-2ubuntu1) ...
Setting up libsemanage-common (2.3-1build2) ...
Setting up libaudit-common (1:2.4.2-1ubuntu1) ...
Setting up gcc-5-base:armhf (5.2.1-23ubuntu1) ...
Setting up libc6:armhf (2.21-0ubuntu4) ...
Setting up libbz2-1.0:armhf (1.0.6-8) ...
Setting up libkmod2:armhf (21-1ubuntu1) ...
Setting up libgpg-error0:armhf (1.20-1) ...
Setting up libseccomp2:armhf (2.2.3-2ubuntu1) ...
Setting up libapparmor1:armhf (2.10-0ubuntu6) ...
Setting up sysvinit-utils (2.88dsf-59.2ubuntu2) ...
Setting up diffutils (1:3.3-2) ...
Setting up insserv (1.14.0-5ubuntu3) ...
Setting up findutils (4.4.2-9build1) ...
Setting up locales (2.13+git20120306-21) ...
Setting up libgcc1:armhf (1:5.2.1-23ubuntu1) ...
Setting up libustr-1.0-1:armhf (1.0.4-5) ...
Setting up libsmartcols1:armhf (2.27-3ubuntu1) ...
Setting up libaudit1:armhf (1:2.4.2-1ubuntu1) ...
Setting up libtinfo5:armhf (5.9+20150516-2ubuntu1) ...
Setting up libudev1:armhf (227-2ubuntu1) ...
Setting up debianutils (4.5.1) ...
Setting up libgcrypt20:armhf (1.6.3-2ubuntu1) ...
Setting up libncursesw5:armhf (5.9+20150516-2ubuntu1) ...
Setting up libdb5.3:armhf (5.3.28-11) ...
Setting up zlib1g:armhf (1:1.2.8.dfsg-2ubuntu4) ...
Setting up hostname (3.15ubuntu2) ...
Setting up multiarch-support (2.21-0ubuntu4) ...
Setting up mawk (1.3.3-17ubuntu2) ...
Setting up libcap2:armhf (1:2.24-12) ...
Setting up libprocps3:armhf (1:3.3.9-1ubuntu8) ...
Setting up libpcre3:armhf (2:8.35-7.1ubuntu1) ...
Setting up base-files (9.4ubuntu2) ...
Setting up libc-bin (2.21-0ubuntu4) ...
Setting up libdebconfclient0:armhf (0.192ubuntu1) ...
Setting up libselinux1:armhf (2.3-2build1) ...
Setting up libcomerr2:armhf (1.42.12-1ubuntu2) ...
Setting up ncurses-bin (5.9+20150516-2ubuntu1) ...
Setting up libslang2:armhf (2.3.0-2ubuntu1) ...
Setting up libsepol1:armhf (2.3-2) ...
Setting up libncurses5:armhf (5.9+20150516-2ubuntu1) ...
Setting up libattr1:armhf (1:2.4.47-2) ...
Setting up libss2:armhf (1.42.12-1ubuntu2) ...
Setting up liblzma5:armhf (5.1.1alpha+20120614-2ubuntu2) ...
Setting up base-passwd (3.5.38) ...
Setting up e2fslibs:armhf (1.42.12-1ubuntu2) ...
Setting up libcap2-bin (1:2.24-12) ...
Setting up libsystemd0:armhf (227-2ubuntu1) ...
Setting up libdevmapper1.02.1:armhf (2:1.02.99-1ubuntu1) ...
Setting up libsemanage1:armhf (2.3-1build2) ...
Setting up libacl1:armhf (2.2.52-2) ...
Setting up makedev (2.3.1-93ubuntu1) ...
Setting up bsdutils (1:2.27-3ubuntu1) ...
Setting up coreutils (8.23-4ubuntu2) ...
Setting up tar (1.27.1-2) ...
update-alternatives: using /usr/sbin/rmt-tar to provide /usr/sbin/rmt (rmt) in auto mode
Setting up dpkg (1.18.3ubuntu1) ...
Setting up sed (4.2.2-6.1) ...
Setting up perl-base (5.20.2-6) ...
Setting up grep (2.21-2) ...
Setting up debconf (1.5.57ubuntu1) ...
Setting up tzdata (2015g-1) ...

Current default time zone: 'Etc/UTC'
Local time is now:      Fri Oct 30 02:11:10 UTC 2015.
Universal Time is now:  Fri Oct 30 02:11:10 UTC 2015.
Run 'dpkg-reconfigure tzdata' if you wish to change it.

Setting up gzip (1.6-4ubuntu1) ...
Setting up dash (0.5.7-4ubuntu2) ...
Setting up sysv-rc (2.88dsf-59.2ubuntu2) ...
Setting up libpam0g:armhf (1.1.8-3.1ubuntu3) ...
Setting up initscripts (2.88dsf-59.2ubuntu2) ...
Running in chroot, ignoring request.
invoke-rc.d: policy-rc.d denied execution of start.
Setting up libpam-modules-bin (1.1.8-3.1ubuntu3) ...
Setting up bash (4.3-14ubuntu1) ...
update-alternatives: using /usr/share/man/man7/bash-builtins.7.gz to provide /usr/share/man/man7/builtins.7.gz (builtins.7.gz) in auto mode
Setting up procps (1:3.3.9-1ubuntu8) ...
update-alternatives: using /usr/bin/w.procps to provide /usr/bin/w (w) in auto mode
update-rc.d: warning: start and stop actions are no longer supported; falling back to defaults
Running in chroot, ignoring request.
invoke-rc.d: policy-rc.d denied execution of start.
Setting up libpam-modules:armhf (1.1.8-3.1ubuntu3) ...
Setting up libpam-runtime (1.1.8-3.1ubuntu3) ...
Setting up passwd (1:4.1.5.1-1.1ubuntu7) ...
Shadow passwords are now on.
Setting up login (1:4.1.5.1-1.1ubuntu7) ...
Setting up adduser (3.113+nmu3ubuntu4) ...
Setting up libuuid1:armhf (2.27-3ubuntu1) ...
Setting up libblkid1:armhf (2.27-3ubuntu1) ...
Setting up libmount1:armhf (2.27-3ubuntu1) ...
Setting up libcryptsetup4:armhf (2:1.6.6-5ubuntu2) ...
Setting up mount (2.27-3ubuntu1) ...
Setting up libfdisk1:armhf (2.27-3ubuntu1) ...
Setting up util-linux (2.27-3ubuntu1) ...
update-alternatives: using /bin/more to provide /usr/bin/pager (pager) in auto mode
Setting up e2fsprogs (1.42.12-1ubuntu2) ...
Setting up udev (227-2ubuntu1) ...
Adding group `input' (GID 101) ...
Done.
A chroot environment has been detected, udev not started.
Setting up systemd (227-2ubuntu1) ...
Created symlink from /etc/systemd/system/getty.target.wants/getty@tty1.service to /lib/systemd/system/getty@.service.
Created symlink from /etc/systemd/system/multi-user.target.wants/remote-fs.target to /lib/systemd/system/remote-fs.target.
Created symlink from /etc/systemd/system/sysinit.target.wants/systemd-timesyncd.service to /lib/systemd/system/systemd-timesyncd.service.
Initializing machine ID from random generator.
Adding group `systemd-journal' (GID 102) ...
Done.
Setting up dmsetup (2:1.02.99-1ubuntu1) ...
Setting up systemd-sysv (227-2ubuntu1) ...
Setting up init (1.24ubuntu1) ...
Processing triggers for libc-bin (2.21-0ubuntu4) ...
(Reading database ... 6936 files and directories currently installed.)
Preparing to unpack .../libexpat1_2.1.0-7_armhf.deb ...
Unpacking libexpat1:armhf (2.1.0-7) ...
Preparing to unpack .../libpython3.5-minimal_3.5.0-3_armhf.deb ...
Unpacking libpython3.5-minimal:armhf (3.5.0-3) ...
Preparing to unpack .../libssl1.0.0_1.0.2d-0ubuntu1_armhf.deb ...
Unpacking libssl1.0.0:armhf (1.0.2d-0ubuntu1) ...
Preparing to unpack .../python3-minimal_3.5.0-2_armhf.deb ...
Unpacking python3-minimal (3.5.0-2) ...
Preparing to unpack .../python3.5-minimal_3.5.0-3_armhf.deb ...
Unpacking python3.5-minimal (3.5.0-3) ...
Setting up libexpat1:armhf (2.1.0-7) ...
Setting up libssl1.0.0:armhf (1.0.2d-0ubuntu1) ...
Setting up libpython3.5-minimal:armhf (3.5.0-3) ...
Setting up python3.5-minimal (3.5.0-3) ...
Setting up python3-minimal (3.5.0-2) ...
Processing triggers for libc-bin (2.21-0ubuntu4) ...
(Reading database ... 7224 files and directories currently installed.)
Preparing to unpack .../ifupdown_0.7.54ubuntu1_armhf.deb ...
Unpacking ifupdown (0.7.54ubuntu1) ...
Preparing to unpack .../iproute2_4.1.1-1ubuntu1_armhf.deb ...
Unpacking iproute2 (4.1.1-1ubuntu1) ...
Setting up iproute2 (4.1.1-1ubuntu1) ...
Setting up ifupdown (0.7.54ubuntu1) ...
Creating /etc/network/interfaces.
Processing triggers for systemd (227-2ubuntu1) ...
(Reading database ... 7358 files and directories currently installed.)
Preparing to unpack .../apt_1.0.10.2ubuntu1_armhf.deb ...
Unpacking apt (1.0.10.2ubuntu1) ...
Preparing to unpack .../apt-transport-https_1.0.10.2ubuntu1_armhf.deb ...
Unpacking apt-transport-https (1.0.10.2ubuntu1) ...
Preparing to unpack .../apt-utils_1.0.10.2ubuntu1_armhf.deb ...
Unpacking apt-utils (1.0.10.2ubuntu1) ...
Preparing to unpack .../busybox-initramfs_1%3a1.22.0-15ubuntu1_armhf.deb ...
Unpacking busybox-initramfs (1:1.22.0-15ubuntu1) ...
Preparing to unpack .../bzip2_1.0.6-8_armhf.deb ...
Unpacking bzip2 (1.0.6-8) ...
Preparing to unpack .../console-setup_1.108ubuntu9_all.deb ...
Unpacking console-setup (1.108ubuntu9) ...
Preparing to unpack .../console-setup-linux_1.108ubuntu9_all.deb ...
Unpacking console-setup-linux (1.108ubuntu9) ...
Preparing to unpack .../cpio_2.11+dfsg-4.1ubuntu1_armhf.deb ...
Unpacking cpio (2.11+dfsg-4.1ubuntu1) ...
Preparing to unpack .../cron_3.0pl1-127ubuntu1_armhf.deb ...
Unpacking cron (3.0pl1-127ubuntu1) ...
Preparing to unpack .../debconf-i18n_1.5.57ubuntu1_all.deb ...
Unpacking debconf-i18n (1.5.57ubuntu1) ...
Preparing to unpack .../dh-python_2.20150826ubuntu1_all.deb ...
Unpacking dh-python (2.20150826ubuntu1) ...
Preparing to unpack .../eject_2.1.5+deb1+cvs20081104-13.1_armhf.deb ...
Unpacking eject (2.1.5+deb1+cvs20081104-13.1) ...
Preparing to unpack .../file_1%3a5.22+15-2ubuntu1_armhf.deb ...
Unpacking file (1:5.22+15-2ubuntu1) ...
Preparing to unpack .../gnupg_1.4.18-7ubuntu1_armhf.deb ...
Unpacking gnupg (1.4.18-7ubuntu1) ...
Preparing to unpack .../gpgv_1.4.18-7ubuntu1_armhf.deb ...
Unpacking gpgv (1.4.18-7ubuntu1) ...
Preparing to unpack .../init-system-helpers_1.24ubuntu1_all.deb ...
Unpacking init-system-helpers (1.24ubuntu1) ...
Preparing to unpack .../initramfs-tools_0.120ubuntu6_all.deb ...
Unpacking initramfs-tools (0.120ubuntu6) ...
Preparing to unpack .../initramfs-tools-bin_0.120ubuntu6_armhf.deb ...
Unpacking initramfs-tools-bin (0.120ubuntu6) ...
Preparing to unpack .../iputils-ping_3%3a20121221-5ubuntu2_armhf.deb ...
Unpacking iputils-ping (3:20121221-5ubuntu2) ...
Preparing to unpack .../isc-dhcp-client_4.3.1-5ubuntu3_armhf.deb ...
Unpacking isc-dhcp-client (4.3.1-5ubuntu3) ...
Preparing to unpack .../isc-dhcp-common_4.3.1-5ubuntu3_armhf.deb ...
Unpacking isc-dhcp-common (4.3.1-5ubuntu3) ...
Preparing to unpack .../kbd_1.15.5-1ubuntu4_armhf.deb ...
Unpacking kbd (1.15.5-1ubuntu4) ...
Preparing to unpack .../keyboard-configuration_1.108ubuntu9_all.deb ...
Unpacking keyboard-configuration (1.108ubuntu9) ...
Preparing to unpack .../klibc-utils_2.0.4-4_armhf.deb ...
Unpacking klibc-utils (2.0.4-4) ...
Preparing to unpack .../kmod_21-1ubuntu1_armhf.deb ...
Unpacking kmod (21-1ubuntu1) ...
Preparing to unpack .../archives/less_458-3_armhf.deb ...
Unpacking less (458-3) ...
Preparing to unpack .../libalgorithm-c3-perl_0.09-1_all.deb ...
Unpacking libalgorithm-c3-perl (0.09-1) ...
Preparing to unpack .../libapt-inst1.7_1.0.10.2ubuntu1_armhf.deb ...
Unpacking libapt-inst1.7:armhf (1.0.10.2ubuntu1) ...
Preparing to unpack .../libapt-pkg4.16_1.0.10.2ubuntu1_armhf.deb ...
Unpacking libapt-pkg4.16:armhf (1.0.10.2ubuntu1) ...
Preparing to unpack .../libarchive-extract-perl_0.76-1_all.deb ...
Unpacking libarchive-extract-perl (0.76-1) ...
Preparing to unpack .../libasn1-8-heimdal_1.6~rc2+dfsg-10ubuntu1_armhf.deb ...
Unpacking libasn1-8-heimdal:armhf (1.6~rc2+dfsg-10ubuntu1) ...
Preparing to unpack .../libatm1_1%3a2.5.1-1.5_armhf.deb ...
Unpacking libatm1:armhf (1:2.5.1-1.5) ...
Preparing to unpack .../libb-hooks-endofscope-perl_0.15-1_all.deb ...
Unpacking libb-hooks-endofscope-perl (0.15-1) ...
Preparing to unpack .../libb-hooks-op-check-perl_0.19-2build1_armhf.deb ...
Unpacking libb-hooks-op-check-perl (0.19-2build1) ...
Preparing to unpack .../libbareword-filehandles-perl_0.003-1build2_armhf.deb ...
Unpacking libbareword-filehandles-perl (0.003-1build2) ...
Preparing to unpack .../libbsd0_0.7.0-2_armhf.deb ...
Unpacking libbsd0:armhf (0.7.0-2) ...
Preparing to unpack .../libcgi-fast-perl_1%3a2.10-1_all.deb ...
Unpacking libcgi-fast-perl (1:2.10-1) ...
Preparing to unpack .../libcgi-pm-perl_4.22-1_all.deb ...
Unpacking libcgi-pm-perl (4.22-1) ...
Preparing to unpack .../libclass-c3-perl_0.28-1_all.deb ...
Unpacking libclass-c3-perl (0.28-1) ...
Preparing to unpack .../libclass-c3-xs-perl_0.13-2build1_armhf.deb ...
Unpacking libclass-c3-xs-perl (0.13-2build1) ...
Preparing to unpack .../libclass-method-modifiers-perl_2.11-1_all.deb ...
Unpacking libclass-method-modifiers-perl (2.11-1) ...
Preparing to unpack .../libclass-xsaccessor-perl_1.19-2build3_armhf.deb ...
Unpacking libclass-xsaccessor-perl (1.19-2build3) ...
Preparing to unpack .../libcpan-changes-perl_0.400002-1_all.deb ...
Unpacking libcpan-changes-perl (0.400002-1) ...
Preparing to unpack .../libcpan-meta-perl_2.150005-1_all.deb ...
Unpacking libcpan-meta-perl (2.150005-1) ...
Preparing to unpack .../libcurl3-gnutls_7.43.0-1ubuntu2_armhf.deb ...
Unpacking libcurl3-gnutls:armhf (7.43.0-1ubuntu2) ...
Preparing to unpack .../libdata-optlist-perl_0.109-1_all.deb ...
Unpacking libdata-optlist-perl (0.109-1) ...
Preparing to unpack .../libdata-perl-perl_0.002009-1_all.deb ...
Unpacking libdata-perl-perl (0.002009-1) ...
Preparing to unpack .../libdata-section-perl_0.200006-1_all.deb ...
Unpacking libdata-section-perl (0.200006-1) ...
Preparing to unpack .../libdevel-caller-perl_2.06-1build2_armhf.deb ...
Unpacking libdevel-caller-perl (2.06-1build2) ...
Preparing to unpack .../libdevel-globaldestruction-perl_0.13-1_all.deb ...
Unpacking libdevel-globaldestruction-perl (0.13-1) ...
Preparing to unpack .../libdevel-lexalias-perl_0.05-1build2_armhf.deb ...
Unpacking libdevel-lexalias-perl (0.05-1build2) ...
Preparing to unpack .../libdns-export100_1%3a9.9.5.dfsg-12_armhf.deb ...
Unpacking libdns-export100 (1:9.9.5.dfsg-12) ...
Preparing to unpack .../libdpkg-perl_1.18.3ubuntu1_all.deb ...
Unpacking libdpkg-perl (1.18.3ubuntu1) ...
Preparing to unpack .../libencode-locale-perl_1.05-1_all.deb ...
Unpacking libencode-locale-perl (1.05-1) ...
Preparing to unpack .../libestr0_0.1.10-1_armhf.deb ...
Unpacking libestr0 (0.1.10-1) ...
Preparing to unpack .../libexporter-tiny-perl_0.042-1_all.deb ...
Unpacking libexporter-tiny-perl (0.042-1) ...
Preparing to unpack .../libfcgi-perl_0.77-1_armhf.deb ...
Unpacking libfcgi-perl (0.77-1) ...
Preparing to unpack .../libffi6_3.2.1-3_armhf.deb ...
Unpacking libffi6:armhf (3.2.1-3) ...
Preparing to unpack .../libfile-fcntllock-perl_0.22-2ubuntu1_armhf.deb ...
Unpacking libfile-fcntllock-perl (0.22-2ubuntu1) ...
Preparing to unpack .../libfile-slurp-perl_9999.19-4_all.deb ...
Unpacking libfile-slurp-perl (9999.19-4) ...
Preparing to unpack .../libfribidi0_0.19.7-1_armhf.deb ...
Unpacking libfribidi0:armhf (0.19.7-1) ...
Preparing to unpack .../libgdbm3_1.8.3-13.1_armhf.deb ...
Unpacking libgdbm3:armhf (1.8.3-13.1) ...
Preparing to unpack .../libgetopt-long-descriptive-perl_0.099-1_all.deb ...
Unpacking libgetopt-long-descriptive-perl (0.099-1) ...
Preparing to unpack .../libgmp10_2%3a6.0.0+dfsg-7_armhf.deb ...
Unpacking libgmp10:armhf (2:6.0.0+dfsg-7) ...
Preparing to unpack .../libgnutls-deb0-28_3.3.15-5ubuntu2_armhf.deb ...
Unpacking libgnutls-deb0-28:armhf (3.3.15-5ubuntu2) ...
Preparing to unpack .../libgnutls-openssl27_3.3.15-5ubuntu2_armhf.deb ...
Unpacking libgnutls-openssl27:armhf (3.3.15-5ubuntu2) ...
Preparing to unpack .../libgssapi-krb5-2_1.13.2+dfsg-3_armhf.deb ...
Unpacking libgssapi-krb5-2:armhf (1.13.2+dfsg-3) ...
Preparing to unpack .../libgssapi3-heimdal_1.6~rc2+dfsg-10ubuntu1_armhf.deb ...
Unpacking libgssapi3-heimdal:armhf (1.6~rc2+dfsg-10ubuntu1) ...
Preparing to unpack .../libhcrypto4-heimdal_1.6~rc2+dfsg-10ubuntu1_armhf.deb ...
Unpacking libhcrypto4-heimdal:armhf (1.6~rc2+dfsg-10ubuntu1) ...
Preparing to unpack .../libheimbase1-heimdal_1.6~rc2+dfsg-10ubuntu1_armhf.deb ...
Unpacking libheimbase1-heimdal:armhf (1.6~rc2+dfsg-10ubuntu1) ...
Preparing to unpack .../libheimntlm0-heimdal_1.6~rc2+dfsg-10ubuntu1_armhf.deb ...
Unpacking libheimntlm0-heimdal:armhf (1.6~rc2+dfsg-10ubuntu1) ...
Preparing to unpack .../libhogweed4_3.1.1-4_armhf.deb ...
Unpacking libhogweed4:armhf (3.1.1-4) ...
Preparing to unpack .../libhtml-parser-perl_3.71-2_armhf.deb ...
Unpacking libhtml-parser-perl (3.71-2) ...
Preparing to unpack .../libhtml-tagset-perl_3.20-2_all.deb ...
Unpacking libhtml-tagset-perl (3.20-2) ...
Preparing to unpack .../libhttp-date-perl_6.02-1_all.deb ...
Unpacking libhttp-date-perl (6.02-1) ...
Preparing to unpack .../libhttp-message-perl_6.11-1_all.deb ...
Unpacking libhttp-message-perl (6.11-1) ...
Preparing to unpack .../libhx509-5-heimdal_1.6~rc2+dfsg-10ubuntu1_armhf.deb ...
Unpacking libhx509-5-heimdal:armhf (1.6~rc2+dfsg-10ubuntu1) ...
Preparing to unpack .../libidn11_1.28-1ubuntu2_armhf.deb ...
Unpacking libidn11:armhf (1.28-1ubuntu2) ...
Preparing to unpack .../libimport-into-perl_1.002005-1_all.deb ...
Unpacking libimport-into-perl (1.002005-1) ...
Preparing to unpack .../libindirect-perl_0.36-1_armhf.deb ...
Unpacking libindirect-perl (0.36-1) ...
Preparing to unpack .../libio-html-perl_1.001-1_all.deb ...
Unpacking libio-html-perl (1.001-1) ...
Preparing to unpack .../libio-stringy-perl_2.110-5_all.deb ...
Unpacking libio-stringy-perl (2.110-5) ...
Preparing to unpack .../libirs-export91_1%3a9.9.5.dfsg-12_armhf.deb ...
Unpacking libirs-export91 (1:9.9.5.dfsg-12) ...
Preparing to unpack .../libisc-export95_1%3a9.9.5.dfsg-12_armhf.deb ...
Unpacking libisc-export95 (1:9.9.5.dfsg-12) ...
Preparing to unpack .../libisccfg-export90_1%3a9.9.5.dfsg-12_armhf.deb ...
Unpacking libisccfg-export90 (1:9.9.5.dfsg-12) ...
Preparing to unpack .../libjson-c2_0.11-4ubuntu2_armhf.deb ...
Unpacking libjson-c2:armhf (0.11-4ubuntu2) ...
Preparing to unpack .../libk5crypto3_1.13.2+dfsg-3_armhf.deb ...
Unpacking libk5crypto3:armhf (1.13.2+dfsg-3) ...
Preparing to unpack .../libkeyutils1_1.5.9-5ubuntu1_armhf.deb ...
Unpacking libkeyutils1:armhf (1.5.9-5ubuntu1) ...
Preparing to unpack .../libklibc_2.0.4-4_armhf.deb ...
Unpacking libklibc (2.0.4-4) ...
Preparing to unpack .../libkrb5-26-heimdal_1.6~rc2+dfsg-10ubuntu1_armhf.deb ...
Unpacking libkrb5-26-heimdal:armhf (1.6~rc2+dfsg-10ubuntu1) ...
Preparing to unpack .../libkrb5-3_1.13.2+dfsg-3_armhf.deb ...
Unpacking libkrb5-3:armhf (1.13.2+dfsg-3) ...
Preparing to unpack .../libkrb5support0_1.13.2+dfsg-3_armhf.deb ...
Unpacking libkrb5support0:armhf (1.13.2+dfsg-3) ...
Preparing to unpack .../libldap-2.4-2_2.4.41+dfsg-1ubuntu2_armhf.deb ...
Unpacking libldap-2.4-2:armhf (2.4.41+dfsg-1ubuntu2) ...
Preparing to unpack .../liblexical-sealrequirehints-perl_0.009-1_armhf.deb ...
Unpacking liblexical-sealrequirehints-perl (0.009-1) ...
Preparing to unpack .../liblist-moreutils-perl_0.413-1_armhf.deb ...
Unpacking liblist-moreutils-perl (0.413-1) ...
Preparing to unpack .../liblocale-gettext-perl_1.07-1_armhf.deb ...
Unpacking liblocale-gettext-perl (1.07-1) ...
Preparing to unpack .../liblog-message-perl_0.8-1_all.deb ...
Unpacking liblog-message-perl (0.8-1) ...
Preparing to unpack .../liblog-message-simple-perl_0.10-2_all.deb ...
Unpacking liblog-message-simple-perl (0.10-2) ...
Preparing to unpack .../liblwp-mediatypes-perl_6.02-1_all.deb ...
Unpacking liblwp-mediatypes-perl (6.02-1) ...
Preparing to unpack .../libmagic1_1%3a5.22+15-2ubuntu1_armhf.deb ...
Unpacking libmagic1:armhf (1:5.22+15-2ubuntu1) ...
Preparing to unpack .../libmodule-build-perl_0.421400-3_all.deb ...
Adding 'diversion of /usr/bin/config_data to /usr/bin/config_data.diverted by libmodule-build-perl'
Adding 'diversion of /usr/share/man/man1/config_data.1.gz to /usr/share/man/man1/config_data.diverted.1.gz by libmodule-build-perl'
Unpacking libmodule-build-perl (0.421400-3) ...
Preparing to unpack .../libmodule-implementation-perl_0.09-1_all.deb ...
Unpacking libmodule-implementation-perl (0.09-1) ...
Preparing to unpack .../libmodule-pluggable-perl_5.2-1_all.deb ...
Unpacking libmodule-pluggable-perl (5.2-1) ...
Preparing to unpack .../libmodule-runtime-perl_0.014-2_all.deb ...
Unpacking libmodule-runtime-perl (0.014-2) ...
Preparing to unpack .../libmodule-signature-perl_0.79-1_all.deb ...
Unpacking libmodule-signature-perl (0.79-1) ...
Preparing to unpack .../libmoo-perl_2.000002-1_all.deb ...
Unpacking libmoo-perl (2.000002-1) ...
Preparing to unpack .../libmoox-handlesvia-perl_0.001008-2_all.deb ...
Unpacking libmoox-handlesvia-perl (0.001008-2) ...
Preparing to unpack .../libmpdec2_2.4.1-1_armhf.deb ...
Unpacking libmpdec2:armhf (2.4.1-1) ...
Preparing to unpack .../libmro-compat-perl_0.12-1_all.deb ...
Unpacking libmro-compat-perl (0.12-1) ...
Preparing to unpack .../libmultidimensional-perl_0.010-1build2_armhf.deb ...
Unpacking libmultidimensional-perl (0.010-1build2) ...
Preparing to unpack .../libnamespace-autoclean-perl_0.28-1_all.deb ...
Unpacking libnamespace-autoclean-perl (0.28-1) ...
Preparing to unpack .../libnamespace-clean-perl_0.26-1_all.deb ...
Unpacking libnamespace-clean-perl (0.26-1) ...
Preparing to unpack .../libnettle6_3.1.1-4_armhf.deb ...
Unpacking libnettle6:armhf (3.1.1-4) ...
Preparing to unpack .../libnewt0.52_0.52.18-1ubuntu1_armhf.deb ...
Unpacking libnewt0.52:armhf (0.52.18-1ubuntu1) ...
Preparing to unpack .../libnih1_1.0.3-4ubuntu27_armhf.deb ...
Unpacking libnih1:armhf (1.0.3-4ubuntu27) ...
Preparing to unpack .../libp11-kit0_0.23.1-3_armhf.deb ...
Unpacking libp11-kit0:armhf (0.23.1-3) ...
Preparing to unpack .../libpackage-constants-perl_0.04-1_all.deb ...
Unpacking libpackage-constants-perl (0.04-1) ...
Preparing to unpack .../libpackage-stash-perl_0.37-1_all.deb ...
Unpacking libpackage-stash-perl (0.37-1) ...
Preparing to unpack .../libpackage-stash-xs-perl_0.28-2build1_armhf.deb ...
Unpacking libpackage-stash-xs-perl (0.28-2build1) ...
Preparing to unpack .../libpadwalker-perl_2.2-1_armhf.deb ...
Unpacking libpadwalker-perl (2.2-1) ...
Preparing to unpack .../libparams-classify-perl_0.013-5_armhf.deb ...
Unpacking libparams-classify-perl (0.013-5) ...
Preparing to unpack .../libparams-util-perl_1.07-2build1_armhf.deb ...
Unpacking libparams-util-perl (1.07-2build1) ...
Preparing to unpack .../libparams-validate-perl_1.21-1_armhf.deb ...
Unpacking libparams-validate-perl (1.21-1) ...
Preparing to unpack .../libpath-tiny-perl_0.072-1_all.deb ...
Unpacking libpath-tiny-perl (0.072-1) ...
Preparing to unpack .../libpod-latex-perl_0.61-2_all.deb ...
Adding 'diversion of /usr/bin/pod2latex to /usr/bin/pod2latex.bundled by libpod-latex-perl'
Adding 'diversion of /usr/share/man/man1/pod2latex.1.gz to /usr/share/man/man1/pod2latex.bundled.1.gz by libpod-latex-perl'
Unpacking libpod-latex-perl (0.61-2) ...
Preparing to unpack .../libpod-markdown-perl_3.003000-1_all.deb ...
Unpacking libpod-markdown-perl (3.003000-1) ...
Preparing to unpack .../libpod-readme-perl_1.1.2-1_all.deb ...
Unpacking libpod-readme-perl (1.1.2-1) ...
Preparing to unpack .../libpopt0_1.16-10_armhf.deb ...
Unpacking libpopt0:armhf (1.16-10) ...
Preparing to unpack .../libpython3-stdlib_3.5.0-2_armhf.deb ...
Unpacking libpython3-stdlib:armhf (3.5.0-2) ...
Preparing to unpack .../libpython3.5-stdlib_3.5.0-3_armhf.deb ...
Unpacking libpython3.5-stdlib:armhf (3.5.0-3) ...
Preparing to unpack .../libreadline6_6.3-8ubuntu1_armhf.deb ...
Unpacking libreadline6:armhf (6.3-8ubuntu1) ...
Preparing to unpack .../libroken18-heimdal_1.6~rc2+dfsg-10ubuntu1_armhf.deb ...
Unpacking libroken18-heimdal:armhf (1.6~rc2+dfsg-10ubuntu1) ...
Preparing to unpack .../librole-tiny-perl_2.000001-2_all.deb ...
Unpacking librole-tiny-perl (2.000001-2) ...
Preparing to unpack .../librtmp1_2.4+20150115.gita107cef-1build1_armhf.deb ...
Unpacking librtmp1:armhf (2.4+20150115.gita107cef-1build1) ...
Preparing to unpack .../libsasl2-2_2.1.26.dfsg1-14_armhf.deb ...
Unpacking libsasl2-2:armhf (2.1.26.dfsg1-14) ...
Preparing to unpack .../libsasl2-modules-db_2.1.26.dfsg1-14_armhf.deb ...
Unpacking libsasl2-modules-db:armhf (2.1.26.dfsg1-14) ...
Preparing to unpack .../libsoftware-license-perl_0.103010-4_all.deb ...
Unpacking libsoftware-license-perl (0.103010-4) ...
Preparing to unpack .../libsqlite3-0_3.9.1-2_armhf.deb ...
Unpacking libsqlite3-0:armhf (3.9.1-2) ...
Preparing to unpack .../libstdc++6_5.2.1-23ubuntu1_armhf.deb ...
Unpacking libstdc++6:armhf (5.2.1-23ubuntu1) ...
Preparing to unpack .../libstrictures-perl_2.000001-2_all.deb ...
Unpacking libstrictures-perl (2.000001-2) ...
Preparing to unpack .../libsub-exporter-perl_0.986-1_all.deb ...
Unpacking libsub-exporter-perl (0.986-1) ...
Preparing to unpack .../libsub-exporter-progressive-perl_0.001011-1_all.deb ...
Unpacking libsub-exporter-progressive-perl (0.001011-1) ...
Preparing to unpack .../libsub-identify-perl_0.12-1_armhf.deb ...
Unpacking libsub-identify-perl (0.12-1) ...
Preparing to unpack .../libsub-install-perl_0.928-1_all.deb ...
Unpacking libsub-install-perl (0.928-1) ...
Preparing to unpack .../libsub-name-perl_0.14-1_armhf.deb ...
Unpacking libsub-name-perl (0.14-1) ...
Preparing to unpack .../libtasn1-6_4.7-2_armhf.deb ...
Unpacking libtasn1-6:armhf (4.7-2) ...
Preparing to unpack .../libterm-ui-perl_0.46-1_all.deb ...
Unpacking libterm-ui-perl (0.46-1) ...
Preparing to unpack .../libtext-charwidth-perl_0.04-7build4_armhf.deb ...
Unpacking libtext-charwidth-perl (0.04-7build4) ...
Preparing to unpack .../libtext-iconv-perl_1.7-5build3_armhf.deb ...
Unpacking libtext-iconv-perl (1.7-5build3) ...
Preparing to unpack .../libtext-soundex-perl_3.4-1build2_armhf.deb ...
Unpacking libtext-soundex-perl (3.4-1build2) ...
Preparing to unpack .../libtext-template-perl_1.46-1_all.deb ...
Unpacking libtext-template-perl (1.46-1) ...
Preparing to unpack .../libtext-wrapi18n-perl_0.06-7.1_all.deb ...
Unpacking libtext-wrapi18n-perl (0.06-7.1) ...
Preparing to unpack .../libtimedate-perl_2.3000-2_all.deb ...
Unpacking libtimedate-perl (2.3000-2) ...
Preparing to unpack .../libtry-tiny-perl_0.22-1_all.deb ...
Unpacking libtry-tiny-perl (0.22-1) ...
Preparing to unpack .../libtype-tiny-perl_1.000005-1_all.deb ...
Unpacking libtype-tiny-perl (1.000005-1) ...
Preparing to unpack .../libtype-tiny-xs-perl_0.012-1_armhf.deb ...
Unpacking libtype-tiny-xs-perl (0.012-1) ...
Preparing to unpack .../libunicode-utf8-perl_0.60-1build1_armhf.deb ...
Unpacking libunicode-utf8-perl (0.60-1build1) ...
Preparing to unpack .../liburi-perl_1.69-1_all.deb ...
Unpacking liburi-perl (1.69-1) ...
Preparing to unpack .../libusb-0.1-4_2%3a0.1.12-27_armhf.deb ...
Unpacking libusb-0.1-4:armhf (2:0.1.12-27) ...
Preparing to unpack .../libvariable-magic-perl_0.59-1_armhf.deb ...
Unpacking libvariable-magic-perl (0.59-1) ...
Preparing to unpack .../libwind0-heimdal_1.6~rc2+dfsg-10ubuntu1_armhf.deb ...
Unpacking libwind0-heimdal:armhf (1.6~rc2+dfsg-10ubuntu1) ...
Preparing to unpack .../libxtables10_1.4.21-2ubuntu2_armhf.deb ...
Unpacking libxtables10 (1.4.21-2ubuntu2) ...
Preparing to unpack .../logrotate_3.8.7-2ubuntu2_armhf.deb ...
Unpacking logrotate (3.8.7-2ubuntu2) ...
Preparing to unpack .../lsb-release_4.1+Debian11ubuntu8_all.deb ...
Unpacking lsb-release (4.1+Debian11ubuntu8) ...
Preparing to unpack .../mime-support_3.58ubuntu1_all.deb ...
Unpacking mime-support (3.58ubuntu1) ...
Preparing to unpack .../net-tools_1.60-26ubuntu1_armhf.deb ...
Unpacking net-tools (1.60-26ubuntu1) ...
Preparing to unpack .../archives/netbase_5.3_all.deb ...
Unpacking netbase (5.3) ...
Preparing to unpack .../netcat-openbsd_1.105-7ubuntu1_armhf.deb ...
Unpacking netcat-openbsd (1.105-7ubuntu1) ...
Preparing to unpack .../perl_5.20.2-6_armhf.deb ...
Unpacking perl (5.20.2-6) ...
Preparing to unpack .../perl-modules_5.20.2-6_all.deb ...
Unpacking perl-modules (5.20.2-6) ...
Preparing to unpack .../python3_3.5.0-2_armhf.deb ...
Unpacking python3 (3.5.0-2) ...
Preparing to unpack .../python3.5_3.5.0-3_armhf.deb ...
Unpacking python3.5 (3.5.0-3) ...
Preparing to unpack .../readline-common_6.3-8ubuntu1_all.deb ...
Unpacking readline-common (6.3-8ubuntu1) ...
Preparing to unpack .../archives/rename_0.20-4_all.deb ...
Unpacking rename (0.20-4) ...
Preparing to unpack .../resolvconf_1.77ubuntu1_all.deb ...
Unpacking resolvconf (1.77ubuntu1) ...
Preparing to unpack .../rsyslog_8.12.0-1ubuntu3_armhf.deb ...
Unpacking rsyslog (8.12.0-1ubuntu3) ...
Preparing to unpack .../sudo_1.8.12-1ubuntu3_armhf.deb ...
Unpacking sudo (1.8.12-1ubuntu3) ...
Preparing to unpack .../ubuntu-keyring_2012.05.19_all.deb ...
Unpacking ubuntu-keyring (2012.05.19) ...
Preparing to unpack .../ubuntu-minimal_1.341_armhf.deb ...
Unpacking ubuntu-minimal (1.341) ...
Preparing to unpack .../archives/ucf_3.0030_all.deb ...
Moving old data out of the way
Unpacking ucf (3.0030) ...
Preparing to unpack .../ureadahead_0.100.0-19_armhf.deb ...
Unpacking ureadahead (0.100.0-19) ...
Preparing to unpack .../vim-common_2%3a7.4.826-1ubuntu1_armhf.deb ...
Unpacking vim-common (2:7.4.826-1ubuntu1) ...
Preparing to unpack .../vim-tiny_2%3a7.4.826-1ubuntu1_armhf.deb ...
Unpacking vim-tiny (2:7.4.826-1ubuntu1) ...
Preparing to unpack .../whiptail_0.52.18-1ubuntu1_armhf.deb ...
Unpacking whiptail (0.52.18-1ubuntu1) ...
Preparing to unpack .../xkb-data_2.12-1ubuntu1_all.deb ...
Unpacking xkb-data (2.12-1ubuntu1) ...
Preparing to unpack .../xz-utils_5.1.1alpha+20120614-2ubuntu2_armhf.deb ...
Unpacking xz-utils (5.1.1alpha+20120614-2ubuntu2) ...
Processing triggers for systemd (227-2ubuntu1) ...
Processing triggers for libc-bin (2.21-0ubuntu4) ...
Setting up readline-common (6.3-8ubuntu1) ...
Setting up libgdbm3:armhf (1.8.3-13.1) ...
Setting up libxtables10 (1.4.21-2ubuntu2) ...
Setting up libnettle6:armhf (3.1.1-4) ...
Setting up cpio (2.11+dfsg-4.1ubuntu1) ...
update-alternatives: using /bin/mt-gnu to provide /bin/mt (mt) in auto mode
Setting up libpopt0:armhf (1.16-10) ...
Setting up kmod (21-1ubuntu1) ...
Setting up libestr0 (0.1.10-1) ...
Setting up less (458-3) ...
Setting up mime-support (3.58ubuntu1) ...
Setting up sudo (1.8.12-1ubuntu3) ...
Setting up libklibc (2.0.4-4) ...
Setting up gpgv (1.4.18-7ubuntu1) ...
Setting up xkb-data (2.12-1ubuntu1) ...
Setting up libsasl2-modules-db:armhf (2.1.26.dfsg1-14) ...
Setting up perl-modules (5.20.2-6) ...
Setting up libsasl2-2:armhf (2.1.26.dfsg1-14) ...
Setting up libroken18-heimdal:armhf (1.6~rc2+dfsg-10ubuntu1) ...
Setting up libbsd0:armhf (0.7.0-2) ...
Setting up libkrb5support0:armhf (1.13.2+dfsg-3) ...
Setting up ucf (3.0030) ...
Setting up libtasn1-6:armhf (4.7-2) ...
Setting up bzip2 (1.0.6-8) ...
Setting up libmagic1:armhf (1:5.22+15-2ubuntu1) ...
Setting up netcat-openbsd (1.105-7ubuntu1) ...
update-alternatives: using /bin/nc.openbsd to provide /bin/nc (nc) in auto mode
Setting up perl (5.20.2-6) ...
update-alternatives: using /usr/bin/prename to provide /usr/bin/rename (rename) in auto mode
Setting up busybox-initramfs (1:1.22.0-15ubuntu1) ...
Setting up libfile-fcntllock-perl (0.22-2ubuntu1) ...
Setting up libpackage-stash-xs-perl (0.28-2build1) ...
Setting up libstrictures-perl (2.000001-2) ...
Setting up libgmp10:armhf (2:6.0.0+dfsg-7) ...
Setting up libarchive-extract-perl (0.76-1) ...
Setting up libisc-export95 (1:9.9.5.dfsg-12) ...
Setting up libmodule-signature-perl (0.79-1) ...
Setting up init-system-helpers (1.24ubuntu1) ...
Setting up liblwp-mediatypes-perl (6.02-1) ...
Setting up libatm1:armhf (1:2.5.1-1.5) ...
Setting up liburi-perl (1.69-1) ...
Setting up xz-utils (5.1.1alpha+20120614-2ubuntu2) ...
update-alternatives: using /usr/bin/xz to provide /usr/bin/lzma (lzma) in auto mode
Setting up libtext-iconv-perl (1.7-5build3) ...
Setting up libheimbase1-heimdal:armhf (1.6~rc2+dfsg-10ubuntu1) ...
Setting up vim-common (2:7.4.826-1ubuntu1) ...
Setting up libsqlite3-0:armhf (3.9.1-2) ...
Setting up libpod-markdown-perl (3.003000-1) ...
Setting up libindirect-perl (0.36-1) ...
Setting up libfribidi0:armhf (0.19.7-1) ...
Setting up liblocale-gettext-perl (1.07-1) ...
Setting up liblexical-sealrequirehints-perl (0.009-1) ...
Setting up liblog-message-perl (0.8-1) ...
Setting up libclass-xsaccessor-perl (1.19-2build3) ...
Setting up libcpan-changes-perl (0.400002-1) ...
Setting up resolvconf (1.77ubuntu1) ...
Setting up libstdc++6:armhf (5.2.1-23ubuntu1) ...
Setting up libffi6:armhf (3.2.1-3) ...
Setting up libtext-charwidth-perl (0.04-7build4) ...
Setting up libunicode-utf8-perl (0.60-1build1) ...
Setting up initramfs-tools-bin (0.120ubuntu6) ...
Setting up libkeyutils1:armhf (1.5.9-5ubuntu1) ...
Setting up libnewt0.52:armhf (0.52.18-1ubuntu1) ...
update-alternatives: using /etc/newt/palette.ubuntu to provide /etc/newt/palette (newt-palette) in auto mode
Setting up libpadwalker-perl (2.2-1) ...
Setting up libparams-util-perl (1.07-2build1) ...
Setting up net-tools (1.60-26ubuntu1) ...
Setting up libsub-name-perl (0.14-1) ...
Setting up cron (3.0pl1-127ubuntu1) ...
Adding group `crontab' (GID 108) ...
Done.
update-rc.d: warning: start and stop actions are no longer supported; falling back to defaults
update-rc.d: warning: stop runlevel arguments (1) do not match cron Default-Stop values (none)
Running in chroot, ignoring request.
invoke-rc.d: policy-rc.d denied execution of start.
Setting up libparams-classify-perl (0.013-5) ...
Setting up libfcgi-perl (0.77-1) ...
Setting up libusb-0.1-4:armhf (2:0.1.12-27) ...
Setting up libnih1:armhf (1.0.3-4ubuntu27) ...
Setting up libtext-template-perl (1.46-1) ...
Setting up logrotate (3.8.7-2ubuntu2) ...
Setting up libidn11:armhf (1.28-1ubuntu2) ...
Setting up libmpdec2:armhf (2.4.1-1) ...
Setting up ubuntu-keyring (2012.05.19) ...
gpg: key 437D05B5: public key "Ubuntu Archive Automatic Signing Key <ftpmaster@ubuntu.com>" imported
gpg: key FBB75451: public key "Ubuntu CD Image Automatic Signing Key <cdimage@ubuntu.com>" imported
gpg: key C0B21F32: public key "Ubuntu Archive Automatic Signing Key (2012) <ftpmaster@ubuntu.com>" imported
gpg: key EFE21092: public key "Ubuntu CD Image Automatic Signing Key (2012) <cdimage@ubuntu.com>" imported
gpg: Total number processed: 4
gpg:               imported: 4  (RSA: 2)
Setting up libalgorithm-c3-perl (0.09-1) ...
Setting up libreadline6:armhf (6.3-8ubuntu1) ...
Setting up libclass-c3-perl (0.28-1) ...
Setting up libjson-c2:armhf (0.11-4ubuntu2) ...
Setting up eject (2.1.5+deb1+cvs20081104-13.1) ...
Setting up libmodule-pluggable-perl (5.2-1) ...
Setting up netbase (5.3) ...
Setting up libcpan-meta-perl (2.150005-1) ...
Setting up libhtml-tagset-perl (3.20-2) ...
Setting up libpath-tiny-perl (0.072-1) ...
Setting up vim-tiny (2:7.4.826-1ubuntu1) ...
update-alternatives: using /usr/bin/vim.tiny to provide /usr/bin/rview (rview) in auto mode
update-alternatives: using /usr/bin/vim.tiny to provide /usr/bin/vi (vi) in auto mode
update-alternatives: using /usr/bin/vim.tiny to provide /usr/bin/view (view) in auto mode
update-alternatives: using /usr/bin/vim.tiny to provide /usr/bin/ex (ex) in auto mode
update-alternatives: using /usr/bin/vim.tiny to provide /usr/bin/editor (editor) in auto mode
Setting up libclass-c3-xs-perl (0.13-2build1) ...
Setting up libsub-install-perl (0.928-1) ...
Setting up libpackage-constants-perl (0.04-1) ...
Setting up libdata-optlist-perl (0.109-1) ...
Setting up libio-stringy-perl (2.110-5) ...
Setting up keyboard-configuration (1.108ubuntu9) ...
cat: /sys/bus/usb/devices/*:*/bInterfaceClass: No such file or directory
cat: /sys/bus/usb/devices/*:*/bInterfaceSubClass: No such file or directory
cat: /sys/bus/usb/devices/*:*/bInterfaceProtocol: No such file or directory
cat: /sys/bus/usb/devices/*:*/bInterfaceClass: No such file or directory
cat: /sys/bus/usb/devices/*:*/bInterfaceSubClass: No such file or directory
cat: /sys/bus/usb/devices/*:*/bInterfaceProtocol: No such file or directory
update-rc.d: warning: start and stop actions are no longer supported; falling back to defaults
update-initramfs: deferring update (trigger activated)
Setting up libsub-exporter-progressive-perl (0.001011-1) ...
Setting up libtry-tiny-perl (0.22-1) ...
Setting up libfile-slurp-perl (9999.19-4) ...
Setting up libk5crypto3:armhf (1.13.2+dfsg-3) ...
Setting up libclass-method-modifiers-perl (2.11-1) ...
Setting up klibc-utils (2.0.4-4) ...
Setting up libisccfg-export90 (1:9.9.5.dfsg-12) ...
Setting up ureadahead (0.100.0-19) ...
Setting up libwind0-heimdal:armhf (1.6~rc2+dfsg-10ubuntu1) ...
Setting up libencode-locale-perl (1.05-1) ...
Setting up libvariable-magic-perl (0.59-1) ...
Setting up libtimedate-perl (2.3000-2) ...
Setting up rename (0.20-4) ...
update-alternatives: using /usr/bin/file-rename to provide /usr/bin/rename (rename) in auto mode
Setting up librole-tiny-perl (2.000001-2) ...
Setting up libmodule-runtime-perl (0.014-2) ...
Setting up libasn1-8-heimdal:armhf (1.6~rc2+dfsg-10ubuntu1) ...
Setting up libb-hooks-op-check-perl (0.19-2build1) ...
Setting up libpython3.5-stdlib:armhf (3.5.0-3) ...
Setting up libio-html-perl (1.001-1) ...
Setting up libexporter-tiny-perl (0.042-1) ...
Setting up whiptail (0.52.18-1ubuntu1) ...
Setting up gnupg (1.4.18-7ubuntu1) ...
Setting up libhcrypto4-heimdal:armhf (1.6~rc2+dfsg-10ubuntu1) ...
Setting up libdpkg-perl (1.18.3ubuntu1) ...
Setting up libtext-soundex-perl (3.4-1build2) ...
Setting up initramfs-tools (0.120ubuntu6) ...
update-initramfs: deferring update (trigger activated)
Setting up libmro-compat-perl (0.12-1) ...
Setting up libtype-tiny-xs-perl (0.012-1) ...
Setting up libpod-latex-perl (0.61-2) ...
Setting up file (1:5.22+15-2ubuntu1) ...
Setting up libdns-export100 (1:9.9.5.dfsg-12) ...
Setting up libsub-identify-perl (0.12-1) ...
Setting up liblog-message-simple-perl (0.10-2) ...
Setting up libdevel-caller-perl (2.06-1build2) ...
Setting up libhx509-5-heimdal:armhf (1.6~rc2+dfsg-10ubuntu1) ...
Setting up libhogweed4:armhf (3.1.1-4) ...
Setting up libsub-exporter-perl (0.986-1) ...
Setting up libtext-wrapi18n-perl (0.06-7.1) ...
Setting up libp11-kit0:armhf (0.23.1-3) ...
Setting up libgnutls-deb0-28:armhf (3.3.15-5ubuntu2) ...
Setting up libhtml-parser-perl (3.71-2) ...
Setting up libapt-pkg4.16:armhf (1.0.10.2ubuntu1) ...
Setting up libterm-ui-perl (0.46-1) ...
Setting up libcgi-pm-perl (4.22-1) ...
Setting up libdevel-globaldestruction-perl (0.13-1) ...
Setting up apt (1.0.10.2ubuntu1) ...
Setting up libkrb5-3:armhf (1.13.2+dfsg-3) ...
Setting up libbareword-filehandles-perl (0.003-1build2) ...
Setting up libmultidimensional-perl (0.010-1build2) ...
Setting up libkrb5-26-heimdal:armhf (1.6~rc2+dfsg-10ubuntu1) ...
Setting up libmodule-build-perl (0.421400-3) ...
Setting up libheimntlm0-heimdal:armhf (1.6~rc2+dfsg-10ubuntu1) ...
Setting up rsyslog (8.12.0-1ubuntu3) ...

Creating config file /etc/rsyslog.d/50-default.conf with new version
Adding user `syslog' to group `adm' ...
Adding user syslog to group adm
Done.
Running in chroot, ignoring request.
invoke-rc.d: policy-rc.d denied execution of start.
Setting up liblist-moreutils-perl (0.413-1) ...
Setting up python3.5 (3.5.0-3) ...
Setting up libdevel-lexalias-perl (0.05-1build2) ...
Setting up libpython3-stdlib:armhf (3.5.0-2) ...
Setting up libhttp-date-perl (6.02-1) ...
Setting up libdata-section-perl (0.200006-1) ...
Setting up libimport-into-perl (1.002005-1) ...
Setting up libmodule-implementation-perl (0.09-1) ...
Setting up libtype-tiny-perl (1.000005-1) ...
Setting up debconf-i18n (1.5.57ubuntu1) ...
Setting up libapt-inst1.7:armhf (1.0.10.2ubuntu1) ...
Setting up libirs-export91 (1:9.9.5.dfsg-12) ...
Setting up librtmp1:armhf (2.4+20150115.gita107cef-1build1) ...
Setting up libcgi-fast-perl (1:2.10-1) ...
Setting up libparams-validate-perl (1.21-1) ...
Setting up libsoftware-license-perl (0.103010-4) ...
Setting up libgssapi-krb5-2:armhf (1.13.2+dfsg-3) ...
Setting up libgnutls-openssl27:armhf (3.3.15-5ubuntu2) ...
Setting up libdata-perl-perl (0.002009-1) ...
Setting up libmoo-perl (2.000002-1) ...
Setting up libhttp-message-perl (6.11-1) ...
Setting up libb-hooks-endofscope-perl (0.15-1) ...
Setting up libgssapi3-heimdal:armhf (1.6~rc2+dfsg-10ubuntu1) ...
Setting up libpackage-stash-perl (0.37-1) ...
Setting up iputils-ping (3:20121221-5ubuntu2) ...
Setcap is not installed, falling back to setuid
Setting up libgetopt-long-descriptive-perl (0.099-1) ...
Setting up libmoox-handlesvia-perl (0.001008-2) ...
Setting up isc-dhcp-common (4.3.1-5ubuntu3) ...
Setting up apt-utils (1.0.10.2ubuntu1) ...
Setting up isc-dhcp-client (4.3.1-5ubuntu3) ...
Setting up libldap-2.4-2:armhf (2.4.41+dfsg-1ubuntu2) ...
Setting up libnamespace-clean-perl (0.26-1) ...
Setting up libnamespace-autoclean-perl (0.28-1) ...
Setting up libcurl3-gnutls:armhf (7.43.0-1ubuntu2) ...
Setting up libpod-readme-perl (1.1.2-1) ...
Setting up apt-transport-https (1.0.10.2ubuntu1) ...
Setting up kbd (1.15.5-1ubuntu4) ...
Setting up console-setup-linux (1.108ubuntu9) ...
update-alternatives: using /etc/console-setup/vtrgb to provide /etc/vtrgb (vtrgb) in auto mode
Setting up console-setup (1.108ubuntu9) ...
update-initramfs: deferring update (trigger activated)
Setting up python3 (3.5.0-2) ...
Setting up lsb-release (4.1+Debian11ubuntu8) ...
Setting up ubuntu-minimal (1.341) ...
Setting up dh-python (2.20150826ubuntu1) ...
Processing triggers for libc-bin (2.21-0ubuntu4) ...
Processing triggers for systemd (227-2ubuntu1) ...
Processing triggers for resolvconf (1.77ubuntu1) ...
Processing triggers for initramfs-tools (0.120ubuntu6) ...
Processing triggers for ureadahead (0.100.0-19) ...
