Running hook /usr/lib/pm-utils/power.d/disable_wol false:
/usr/lib/pm-utils/power.d/disable_wol false: not applicable.

Running hook /usr/lib/pm-utils/power.d/intel-audio-powersave false:
/usr/lib/pm-utils/power.d/intel-audio-powersave false: success.

Running hook /usr/lib/pm-utils/power.d/laptop-mode false:
Laptop mode disabled.
/usr/lib/pm-utils/power.d/laptop-mode false: success.

Running hook /usr/lib/pm-utils/power.d/pci_devices false:
/usr/lib/pm-utils/power.d/pci_devices false: success.

Running hook /usr/lib/pm-utils/power.d/pcie_aspm false:
/usr/lib/pm-utils/power.d/pcie_aspm false: not applicable.

Running hook /usr/lib/pm-utils/power.d/sata_alpm false:
/usr/lib/pm-utils/power.d/sata_alpm false: success.

Running hook /usr/lib/pm-utils/power.d/sched-powersave false:
**sched policy powersave OFF
/usr/lib/pm-utils/power.d/sched-powersave false: success.

Running hook /usr/lib/pm-utils/power.d/usb_bluetooth false:
/usr/lib/pm-utils/power.d/usb_bluetooth false: success.

Running hook /usr/lib/pm-utils/power.d/wireless false:
/usr/lib/pm-utils/power.d/wireless false: success.

Running hook /usr/lib/pm-utils/power.d/xfs_buffer false:
/usr/lib/pm-utils/power.d/xfs_buffer false: not applicable.

Running hook /usr/lib/pm-utils/power.d/disable_wol true:
/usr/lib/pm-utils/power.d/disable_wol true: not applicable.

Running hook /usr/lib/pm-utils/power.d/intel-audio-powersave true:
/usr/lib/pm-utils/power.d/intel-audio-powersave true: success.

Running hook /usr/lib/pm-utils/power.d/laptop-mode true:
Laptop mode enabled.
/usr/lib/pm-utils/power.d/laptop-mode true: success.

Running hook /usr/lib/pm-utils/power.d/pci_devices true:
/usr/lib/pm-utils/power.d/pci_devices true: success.

Running hook /usr/lib/pm-utils/power.d/pcie_aspm true:
/usr/lib/pm-utils/power.d/pcie_aspm true: not applicable.

Running hook /usr/lib/pm-utils/power.d/sata_alpm true:
/usr/lib/pm-utils/power.d/sata_alpm true: success.

Running hook /usr/lib/pm-utils/power.d/sched-powersave true:
**sched policy powersave ON
/usr/lib/pm-utils/power.d/sched-powersave true: success.

Running hook /usr/lib/pm-utils/power.d/usb_bluetooth true:
/usr/lib/pm-utils/power.d/usb_bluetooth true: success.

Running hook /usr/lib/pm-utils/power.d/wireless true:
/usr/lib/pm-utils/power.d/wireless true: success.

Running hook /usr/lib/pm-utils/power.d/xfs_buffer true:
/usr/lib/pm-utils/power.d/xfs_buffer true: not applicable.

Running hook /usr/lib/pm-utils/power.d/disable_wol false:
/usr/lib/pm-utils/power.d/disable_wol false: not applicable.

Running hook /usr/lib/pm-utils/power.d/intel-audio-powersave false:
/usr/lib/pm-utils/power.d/intel-audio-powersave false: success.

Running hook /usr/lib/pm-utils/power.d/laptop-mode false:
Laptop mode disabled.
/usr/lib/pm-utils/power.d/laptop-mode false: success.

Running hook /usr/lib/pm-utils/power.d/pci_devices false:
/usr/lib/pm-utils/power.d/pci_devices false: success.

Running hook /usr/lib/pm-utils/power.d/pcie_aspm false:
/usr/lib/pm-utils/power.d/pcie_aspm false: not applicable.

Running hook /usr/lib/pm-utils/power.d/sata_alpm false:
/usr/lib/pm-utils/power.d/sata_alpm false: success.

Running hook /usr/lib/pm-utils/power.d/sched-powersave false:
**sched policy powersave OFF
/usr/lib/pm-utils/power.d/sched-powersave false: success.

Running hook /usr/lib/pm-utils/power.d/usb_bluetooth false:
/usr/lib/pm-utils/power.d/usb_bluetooth false: success.

Running hook /usr/lib/pm-utils/power.d/wireless false:
/usr/lib/pm-utils/power.d/wireless false: success.

Running hook /usr/lib/pm-utils/power.d/xfs_buffer false:
/usr/lib/pm-utils/power.d/xfs_buffer false: not applicable.

