[+0.00s] DEBUG: Logging to /var/log/lightdm/lightdm.log
[+0.00s] DEBUG: Starting Light Display Manager 1.17.0, UID=0 PID=1812
[+0.00s] DEBUG: Loading configuration dirs from /usr/share/lightdm/lightdm.conf.d
[+0.00s] DEBUG: Loading configuration from /usr/share/lightdm/lightdm.conf.d/50-greeter-wrapper.conf
[+0.00s] DEBUG: Loading configuration from /usr/share/lightdm/lightdm.conf.d/50-guest-wrapper.conf
[+0.00s] DEBUG: Loading configuration from /usr/share/lightdm/lightdm.conf.d/50-xserver-command.conf
[+0.00s] DEBUG: Loading configuration from /usr/share/lightdm/lightdm.conf.d/52-ubuntu-touch.conf
[+0.00s] DEBUG:   [SeatDefaults] is now called [Seat:*], please update this configuration
[+0.00s] DEBUG: Loading configuration dirs from /custom/xdg/data/lightdm/lightdm.conf.d
[+0.00s] DEBUG: Loading configuration dirs from /etc/xdg/lightdm/lightdm.conf.d
[+0.00s] DEBUG: Loading configuration from /etc/lightdm/lightdm.conf.d/90-phablet.conf
[+0.00s] DEBUG: Loading configuration from /etc/lightdm/lightdm.conf
[+0.00s] DEBUG: Using D-Bus name org.freedesktop.DisplayManager
[+0.00s] DEBUG: Registered seat module xlocal
[+0.00s] DEBUG: Registered seat module xremote
[+0.00s] DEBUG: Registered seat module unity
[+0.71s] WARNING: Failed to get list of logind seats: GDBus.Error:org.freedesktop.DBus.Error.Spawn.ChildSignaled: Process org.freedesktop.login1 received signal 7
[+0.71s] DEBUG: Adding default seat
[+0.71s] DEBUG: Seat seat0: Loading properties from config section Seat:*
[+0.71s] DEBUG: Seat seat0: Starting
[+0.72s] DEBUG: Using VT 1
[+0.72s] DEBUG: DisplayServer: Logging to /var/log/lightdm/unity-system-compositor.log
[+0.74s] DEBUG: Launching process 1826: /usr/share/ubuntu-touch-session/usc-wrapper --file '/run/mir_socket' --from-dm-fd 9 --to-dm-fd 14 --vt 1
[+0.74s] DEBUG: DisplayServer: Waiting for system compositor for 60s
[+0.74s] DEBUG: Acquired bus name org.freedesktop.DisplayManager
[+0.74s] DEBUG: Registering seat with bus path /org/freedesktop/DisplayManager/Seat0
[+0.75s] DEBUG: Loading users from org.freedesktop.Accounts
[+1.30s] DEBUG: DisplayServer: Compositor closed communication channel
[+1.30s] DEBUG: Process 1826 exited with return value 0
[+1.30s] DEBUG: DisplayServer: Unity system compositor stopped
[+1.30s] DEBUG: Releasing VT 1
[+1.30s] DEBUG: Seat seat0: Compositor stopped
[+1.30s] DEBUG: Seat seat0: Stopping
[+1.30s] DEBUG: Seat seat0: Stopped
[+1.30s] DEBUG: Required seat has stopped
[+1.30s] DEBUG: Stopping display manager
[+1.30s] DEBUG: Display manager stopped
[+1.30s] DEBUG: Stopping daemon
[+1.30s] DEBUG: Exiting with return value 1
[+0.00s] DEBUG: Logging to /var/log/lightdm/lightdm.log
[+0.00s] DEBUG: Starting Light Display Manager 1.17.0, UID=0 PID=1947
[+0.00s] DEBUG: Loading configuration dirs from /usr/share/lightdm/lightdm.conf.d
[+0.00s] DEBUG: Loading configuration from /usr/share/lightdm/lightdm.conf.d/50-greeter-wrapper.conf
[+0.00s] DEBUG: Loading configuration from /usr/share/lightdm/lightdm.conf.d/50-guest-wrapper.conf
[+0.00s] DEBUG: Loading configuration from /usr/share/lightdm/lightdm.conf.d/50-xserver-command.conf
[+0.00s] DEBUG: Loading configuration from /usr/share/lightdm/lightdm.conf.d/52-ubuntu-touch.conf
[+0.00s] DEBUG:   [SeatDefaults] is now called [Seat:*], please update this configuration
[+0.00s] DEBUG: Loading configuration dirs from /custom/xdg/data/lightdm/lightdm.conf.d
[+0.00s] DEBUG: Loading configuration dirs from /etc/xdg/lightdm/lightdm.conf.d
[+0.00s] DEBUG: Loading configuration from /etc/lightdm/lightdm.conf.d/90-phablet.conf
[+0.00s] DEBUG: Loading configuration from /etc/lightdm/lightdm.conf
[+0.00s] DEBUG: Using D-Bus name org.freedesktop.DisplayManager
[+0.00s] DEBUG: Registered seat module xlocal
[+0.00s] DEBUG: Registered seat module xremote
[+0.00s] DEBUG: Registered seat module unity
[+1.48s] WARNING: Failed to get list of logind seats: GDBus.Error:org.freedesktop.DBus.Error.Spawn.ChildSignaled: Process org.freedesktop.login1 received signal 7
[+1.48s] DEBUG: Adding default seat
[+1.48s] DEBUG: Seat seat0: Loading properties from config section Seat:*
[+1.48s] DEBUG: Seat seat0: Starting
[+1.49s] DEBUG: Using VT 1
[+1.49s] DEBUG: DisplayServer: Logging to /var/log/lightdm/unity-system-compositor.log
[+1.49s] DEBUG: Launching process 1977: /usr/share/ubuntu-touch-session/usc-wrapper --file '/run/mir_socket' --from-dm-fd 10 --to-dm-fd 14 --vt 1
[+1.49s] DEBUG: DisplayServer: Waiting for system compositor for 60s
[+1.49s] DEBUG: Acquired bus name org.freedesktop.DisplayManager
[+1.49s] DEBUG: Registering seat with bus path /org/freedesktop/DisplayManager/Seat0
[+1.50s] DEBUG: Loading users from org.freedesktop.Accounts
[+1.74s] DEBUG: Process 1977 exited with return value 0
[+1.74s] DEBUG: DisplayServer: Unity system compositor stopped
[+1.74s] DEBUG: Releasing VT 1
[+1.74s] DEBUG: Seat seat0: Compositor stopped
[+1.74s] DEBUG: Seat seat0: Stopping
[+1.74s] DEBUG: Seat seat0: Stopped
[+1.74s] DEBUG: Required seat has stopped
[+1.74s] DEBUG: Stopping display manager
[+1.74s] DEBUG: Display manager stopped
[+1.74s] DEBUG: Stopping daemon
[+1.75s] DEBUG: Exiting with return value 1
[+0.00s] DEBUG: Logging to /var/log/lightdm/lightdm.log
[+0.00s] DEBUG: Starting Light Display Manager 1.17.0, UID=0 PID=2232
[+0.00s] DEBUG: Loading configuration dirs from /usr/share/lightdm/lightdm.conf.d
[+0.00s] DEBUG: Loading configuration from /usr/share/lightdm/lightdm.conf.d/50-greeter-wrapper.conf
[+0.00s] DEBUG: Loading configuration from /usr/share/lightdm/lightdm.conf.d/50-guest-wrapper.conf
[+0.00s] DEBUG: Loading configuration from /usr/share/lightdm/lightdm.conf.d/50-xserver-command.conf
[+0.00s] DEBUG: Loading configuration from /usr/share/lightdm/lightdm.conf.d/52-ubuntu-touch.conf
[+0.00s] DEBUG:   [SeatDefaults] is now called [Seat:*], please update this configuration
[+0.00s] DEBUG: Loading configuration dirs from /custom/xdg/data/lightdm/lightdm.conf.d
[+0.00s] DEBUG: Loading configuration dirs from /etc/xdg/lightdm/lightdm.conf.d
[+0.00s] DEBUG: Loading configuration from /etc/lightdm/lightdm.conf.d/90-phablet.conf
[+0.00s] DEBUG: Loading configuration from /etc/lightdm/lightdm.conf
[+0.00s] DEBUG: Using D-Bus name org.freedesktop.DisplayManager
[+0.00s] DEBUG: Registered seat module xlocal
[+0.00s] DEBUG: Registered seat module xremote
[+0.00s] DEBUG: Registered seat module unity
[+0.26s] WARNING: Failed to get list of logind seats: GDBus.Error:org.freedesktop.DBus.Error.Spawn.ChildSignaled: Process org.freedesktop.login1 received signal 7
[+0.26s] DEBUG: Adding default seat
[+0.26s] DEBUG: Seat seat0: Loading properties from config section Seat:*
[+0.26s] DEBUG: Seat seat0: Starting
[+0.27s] DEBUG: Using VT 1
[+0.27s] DEBUG: DisplayServer: Logging to /var/log/lightdm/unity-system-compositor.log
[+0.27s] DEBUG: Launching process 2253: /usr/share/ubuntu-touch-session/usc-wrapper --file '/run/mir_socket' --from-dm-fd 10 --to-dm-fd 14 --vt 1
[+0.27s] DEBUG: DisplayServer: Waiting for system compositor for 60s
[+0.27s] DEBUG: Acquired bus name org.freedesktop.DisplayManager
[+0.28s] DEBUG: Registering seat with bus path /org/freedesktop/DisplayManager/Seat0
[+0.28s] DEBUG: Loading users from org.freedesktop.Accounts
[+0.52s] DEBUG: DisplayServer: Compositor closed communication channel
[+0.52s] DEBUG: Process 2253 exited with return value 0
[+0.52s] DEBUG: DisplayServer: Unity system compositor stopped
[+0.52s] DEBUG: Releasing VT 1
[+0.52s] DEBUG: Seat seat0: Compositor stopped
[+0.52s] DEBUG: Seat seat0: Stopping
[+0.52s] DEBUG: Seat seat0: Stopped
[+0.52s] DEBUG: Required seat has stopped
[+0.52s] DEBUG: Stopping display manager
[+0.52s] DEBUG: Display manager stopped
[+0.52s] DEBUG: Stopping daemon
[+0.52s] DEBUG: Exiting with return value 1
