Loading module: 'libubuntu_application_api_touch_mirclient.so.3.0.0'
Loading module: 'libubuntu_application_api_touch_mirclient.so.3.0.0'

(process:2113): GLib-GObject-WARNING **: g_object_notify: object class 'UpClient' has no property named 'g-name-owner'

(process:2113): GLib-GObject-WARNING **: g_object_notify: object class 'UpDevice' has no property named 'g-name-owner'

(process:2113): GLib-GObject-WARNING **: g_object_notify: object class 'UpDevice' has no property named 'g-name-owner'

(process:2113): GLib-GObject-WARNING **: g_object_notify: object class 'UpClient' has no property named 'g-name-owner'

(process:2113): GLib-GObject-WARNING **: g_object_notify: object class 'UpDevice' has no property named 'g-name-owner'

(process:2113): GLib-GObject-WARNING **: g_object_notify: object class 'UpDevice' has no property named 'g-name-owner'

(process:2113): GLib-GObject-WARNING **: g_object_notify: object class 'UpClient' has no property named 'g-name-owner'

(process:2113): GLib-GObject-WARNING **: g_object_notify: object class 'UpDevice' has no property named 'g-name-owner'

(process:2113): GLib-GObject-WARNING **: g_object_notify: object class 'UpDevice' has no property named 'g-name-owner'

(process:2113): GLib-GObject-WARNING **: g_object_notify: object class 'UpDevice' has no property named 'g-name-owner'

(process:2113): GLib-GObject-WARNING **: g_object_notify: object class 'UpDevice' has no property named 'g-name-owner'

(process:2113): GLib-GObject-WARNING **: g_object_notify: object class 'UpDevice' has no property named 'g-name-owner'

(process:2113): GLib-GObject-WARNING **: g_object_notify: object class 'UpDevice' has no property named 'g-name-owner'

(process:2113): GLib-GObject-WARNING **: g_object_notify: object class 'UpDevice' has no property named 'g-name-owner'

(process:2113): GLib-GObject-WARNING **: g_object_notify: object class 'UpDevice' has no property named 'g-name-owner'

(process:2113): GLib-GObject-WARNING **: g_object_notify: object class 'UpDevice' has no property named 'g-name-owner'

(process:2113): GLib-GObject-WARNING **: g_object_notify: object class 'UpDevice' has no property named 'g-name-owner'

(process:2113): GLib-GObject-WARNING **: g_object_notify: object class 'UpDevice' has no property named 'g-name-owner'

(process:2113): GLib-GObject-WARNING **: g_object_notify: object class 'UpDevice' has no property named 'g-name-owner'

(process:2113): GLib-GObject-WARNING **: g_object_notify: object class 'UpDevice' has no property named 'g-name-owner'

(process:2113): GLib-GObject-WARNING **: g_object_notify: object class 'UpDevice' has no property named 'g-name-owner'

(process:2113): GLib-GObject-WARNING **: g_object_notify: object class 'UpDevice' has no property named 'g-name-owner'

(process:2113): GLib-GObject-WARNING **: g_object_notify: object class 'UpDevice' has no property named 'g-name-owner'

(process:2113): GLib-GObject-WARNING **: g_object_notify: object class 'UpDevice' has no property named 'g-name-owner'

(process:2113): GLib-GObject-WARNING **: g_object_notify: object class 'UpDevice' has no property named 'g-name-owner'

(process:2113): GLib-GObject-WARNING **: g_object_notify: object class 'UpClient' has no property named 'g-name-owner'

(process:2113): GLib-GObject-WARNING **: g_object_notify: object class 'UpDevice' has no property named 'g-name-owner'

(process:2113): GLib-GObject-WARNING **: g_object_notify: object class 'UpDevice' has no property named 'g-name-owner'

(process:2113): GLib-GObject-WARNING **: g_object_notify: object class 'UpDevice' has no property named 'g-name-owner'

(process:2113): GLib-GObject-WARNING **: g_object_notify: object class 'UpDevice' has no property named 'g-name-owner'

(process:2113): GLib-GObject-WARNING **: g_object_notify: object class 'UpDevice' has no property named 'g-name-owner'

(process:2113): GLib-GObject-WARNING **: g_object_notify: object class 'UpDevice' has no property named 'g-name-owner'

(process:2113): GLib-GObject-WARNING **: g_object_notify: object class 'UpDevice' has no property named 'g-name-owner'

(process:2113): GLib-GObject-WARNING **: g_object_notify: object class 'UpDevice' has no property named 'g-name-owner'

(process:2113): GLib-GObject-WARNING **: g_object_notify: object class 'UpDevice' has no property named 'g-name-owner'

(process:2113): GLib-GObject-WARNING **: g_object_notify: object class 'UpDevice' has no property named 'g-name-owner'

(process:2113): GLib-GObject-WARNING **: g_object_notify: object class 'UpDevice' has no property named 'g-name-owner'

(process:2113): GLib-GObject-WARNING **: g_object_notify: object class 'UpDevice' has no property named 'g-name-owner'

(process:2113): GLib-GObject-WARNING **: g_object_notify: object class 'UpDevice' has no property named 'g-name-owner'

(process:2113): GLib-GObject-WARNING **: g_object_notify: object class 'UpDevice' has no property named 'g-name-owner'

(process:2113): GLib-GObject-WARNING **: g_object_notify: object class 'UpDevice' has no property named 'g-name-owner'

(process:2113): GLib-GObject-WARNING **: g_object_notify: object class 'UpDevice' has no property named 'g-name-owner'

(process:2113): GLib-GObject-WARNING **: g_object_notify: object class 'UpDevice' has no property named 'g-name-owner'

(process:2113): GLib-GObject-WARNING **: g_object_notify: object class 'UpDevice' has no property named 'g-name-owner'
dbus name lost or unable to acquire dbus name, is another copy of powerd running?
g_dbus_connection_real_closed: Remote peer vanished with error: Underlying GIOStream returned 0 bytes on an async read (g-io-error-quark, 0). Exiting.
Loading module: 'libubuntu_application_api_touch_mirclient.so.3.0.0'
Loading module: 'libubuntu_application_api_touch_mirclient.so.3.0.0'
Loading module: 'libubuntu_application_api_touch_mirclient.so.3.0.0'
