starting version 219
specified group 'media' unknown
specified user 'adb' unknown
specified group 'adb' unknown
specified group 'qcom_diag' unknown
specified user 'media' unknown
specified group 'camera' unknown
specified group 'log' unknown
specified group 'mtp' unknown
specified user 'nfc' unknown
specified group 'nfc' unknown
specified group 'vpn' unknown
specified group 'drmrpc' unknown
specified user 'bluetooth' unknown
specified group 'net_bt_stack' unknown
specified group 'usb' unknown
error opening ATTR{/sys/devices/system/cpu/cpu0/online} for writing: Permission denied
error opening ATTR{/sys/devices/system/cpu/cpu1/online} for writing: Permission denied
error opening ATTR{/sys/devices/system/cpu/cpu2/online} for writing: Permission denied
error opening ATTR{/sys/devices/system/cpu/cpu3/online} for writing: Permission denied
Could not generate persistent MAC address for dummy0: No such file or directory
starting version 219
specified group 'media' unknown
specified user 'adb' unknown
specified group 'adb' unknown
specified group 'qcom_diag' unknown
specified user 'media' unknown
specified group 'camera' unknown
specified group 'log' unknown
specified group 'mtp' unknown
specified user 'nfc' unknown
specified group 'nfc' unknown
specified group 'vpn' unknown
specified group 'drmrpc' unknown
specified user 'bluetooth' unknown
specified group 'net_bt_stack' unknown
specified group 'usb' unknown
error opening ATTR{/sys/devices/system/cpu/cpu0/online} for writing: Permission denied
error opening ATTR{/sys/devices/system/cpu/cpu2/online} for writing: Permission denied
error opening ATTR{/sys/devices/system/cpu/cpu1/online} for writing: Permission denied
error opening ATTR{/sys/devices/system/cpu/cpu3/online} for writing: Permission denied
Could not generate persistent MAC address for dummy0: No such file or directory
