ureadahead:/var/lib/ureadahead/var.lib.upower.pack: No such file or directory
ureadahead:/var/lib/ureadahead/etc.ufw.pack: No such file or directory
ureadahead:/var/lib/ureadahead/etc.apparmor.d.cache.pack: No such file or directory
ureadahead:/var/lib/ureadahead/etc.ssh.pack: No such file or directory
ureadahead:/var/lib/ureadahead/var.lib.PackageKit.pack: No such file or directory
ureadahead:/var/lib/ureadahead/var.lib.AccountsService.users.pack: No such file or directory
ureadahead:/var/lib/ureadahead/var.crash.pack: No such file or directory
ureadahead:/var/lib/ureadahead/home.pack: No such file or directory
ureadahead:/var/lib/ureadahead/android.data.pack: No such file or directory
ureadahead:/var/lib/ureadahead/var.lib.ureadahead.pack: No such file or directory
ureadahead:/var/lib/ureadahead/var.lib.usermetrics.pack: No such file or directory
ureadahead:/etc/default/ufw: Pack data error
ureadahead:/var/lib/ureadahead/etc.apparmor.d.cache.pack: No such file or directory
ureadahead:/var/lib/ureadahead/etc.ssh.pack: No such file or directory
ureadahead:/var/lib/ureadahead/var.lib.system-image.pack: No such file or directory
ureadahead:/var/lib/ureadahead/var.lib.ofono.pack: No such file or directory
ureadahead:/var/lib/ureadahead/var.lib.dbus.pack: No such file or directory
ureadahead:/var/lib/ureadahead/opt.click.ubuntu.com.pack: No such file or directory
ureadahead:/var/lib/ureadahead/etc.NetworkManager.system-connections.pack: No such file or directory
ureadahead:/var/lib/ureadahead/android.data.pack: No such file or directory
ureadahead:/var/lib/ureadahead/var.lib.ureadahead.pack: No such file or directory
